2025-08-20 13:06:42,988 - INFO - ==================================================
2025-08-20 13:06:42,988 - INFO - 데이터 무결성 검사 시작
2025-08-20 13:06:42,988 - INFO - ==================================================
2025-08-20 13:06:43,028 - INFO - 데이터 로드 완료 - Addresses: 7554개, Lines: 8280개
2025-08-20 13:06:43,028 - INFO - Addresses 범위: ID 100001 ~ 107554
2025-08-20 13:06:43,028 - INFO - 첫 번째 Address: ADDR_100001 at (5000.0, 3800.0, 0.0)
2025-08-20 13:06:43,028 - INFO - 마지막 Address: ADDR_107554 at (14300.0, 2515.0, 4822.0)
2025-08-20 13:06:43,029 - INFO - Lines 범위: ID 200001 ~ 208280
2025-08-20 13:06:43,029 - INFO - 첫 번째 Line: LINE_200001 (100001 -> 100002)
2025-08-20 13:06:43,029 - INFO - 마지막 Line: LINE_106958_106229 (106958 -> 106229)
2025-08-20 13:06:43,029 - INFO - Addresses 중복 검사 시작
2025-08-20 13:06:43,030 - INFO - Address ID 중복 없음
2025-08-20 13:06:43,032 - INFO - Address name 중복 없음
2025-08-20 13:06:43,038 - ERROR - 중복된 Address position 발견: 2개 위치
2025-08-20 13:06:43,038 - ERROR - === 위치 (5050.0, 4000.0, 4822.0)에 있는 중복 Addresses (2개) ===
2025-08-20 13:06:43,038 - ERROR -   1. ID: 100004, Name: ADDR_100004
2025-08-20 13:06:43,038 - ERROR -   2. ID: 100007, Name: ADDR_100007
2025-08-20 13:06:43,038 - ERROR - === 위치 (5000.0, 4000.0, 4822.0)에 있는 중복 Addresses (3개) ===
2025-08-20 13:06:43,038 - ERROR -   1. ID: 100002, Name: ADDR_100002
2025-08-20 13:06:43,038 - ERROR -   2. ID: 100005, Name: ADDR_100005
2025-08-20 13:06:43,038 - ERROR -   3. ID: 104791, Name: ADDR_104791
2025-08-20 13:06:43,038 - ERROR - Addresses 중복 오류 발견!
2025-08-20 13:06:43,038 - INFO - Lines 중복 검사 시작
2025-08-20 13:06:43,040 - INFO - Line ID 중복 없음
2025-08-20 13:06:43,041 - INFO - Line name 중복 없음
2025-08-20 13:06:43,041 - INFO - Lines 중복 없음
2025-08-20 13:06:43,042 - INFO - Lines 겹침 검사 시작
2025-08-20 13:06:48,474 - ERROR - 겹치는 Lines 발견: 214개
2025-08-20 13:06:48,475 - ERROR - === 겹침 상세 정보 ===
2025-08-20 13:06:48,475 - ERROR - 겹침 1 (역방향 연결): Line1(ID=206797, Name=LINE_106959_106960, From=106959, To=106960) vs Line2(ID=206799, Name=LINE_106960_106959, From=106960, To=106959)
2025-08-20 13:06:48,475 - ERROR - 겹침 2 (역방향 연결): Line1(ID=206800, Name=LINE_106960_106961, From=106960, To=106961) vs Line2(ID=206802, Name=LINE_106961_106960, From=106961, To=106960)
2025-08-20 13:06:48,475 - ERROR - 겹침 3 (역방향 연결): Line1(ID=206806, Name=LINE_106963_106964, From=106963, To=106964) vs Line2(ID=206807, Name=LINE_106964_106963, From=106964, To=106963)
2025-08-20 13:06:48,475 - ERROR - 겹침 4 (역방향 연결): Line1(ID=206808, Name=LINE_106964_106965, From=106964, To=106965) vs Line2(ID=206809, Name=LINE_106965_106964, From=106965, To=106964)
2025-08-20 13:06:48,475 - ERROR - 겹침 5 (역방향 연결): Line1(ID=206810, Name=LINE_106965_106966, From=106965, To=106966) vs Line2(ID=206811, Name=LINE_106966_106965, From=106966, To=106965)
2025-08-20 13:06:48,475 - ERROR - 겹침 6 (역방향 연결): Line1(ID=206813, Name=LINE_106967_106968, From=106967, To=106968) vs Line2(ID=206815, Name=LINE_106968_106967, From=106968, To=106967)
2025-08-20 13:06:48,475 - ERROR - 겹침 7 (역방향 연결): Line1(ID=206816, Name=LINE_106968_106969, From=106968, To=106969) vs Line2(ID=206818, Name=LINE_106969_106968, From=106969, To=106968)
2025-08-20 13:06:48,475 - ERROR - 겹침 8 (역방향 연결): Line1(ID=206822, Name=LINE_106971_106972, From=106971, To=106972) vs Line2(ID=206823, Name=LINE_106972_106971, From=106972, To=106971)
2025-08-20 13:06:48,475 - ERROR - 겹침 9 (역방향 연결): Line1(ID=206824, Name=LINE_106972_106973, From=106972, To=106973) vs Line2(ID=206825, Name=LINE_106973_106972, From=106973, To=106972)
2025-08-20 13:06:48,475 - ERROR - 겹침 10 (역방향 연결): Line1(ID=206826, Name=LINE_106973_106974, From=106973, To=106974) vs Line2(ID=206827, Name=LINE_106974_106973, From=106974, To=106973)
2025-08-20 13:06:48,475 - ERROR - 겹침 11 (역방향 연결): Line1(ID=206829, Name=LINE_106975_106976, From=106975, To=106976) vs Line2(ID=206831, Name=LINE_106976_106975, From=106976, To=106975)
2025-08-20 13:06:48,475 - ERROR - 겹침 12 (역방향 연결): Line1(ID=206832, Name=LINE_106976_106977, From=106976, To=106977) vs Line2(ID=206834, Name=LINE_106977_106976, From=106977, To=106976)
2025-08-20 13:06:48,475 - ERROR - 겹침 13 (역방향 연결): Line1(ID=206838, Name=LINE_106979_106980, From=106979, To=106980) vs Line2(ID=206839, Name=LINE_106980_106979, From=106980, To=106979)
2025-08-20 13:06:48,475 - ERROR - 겹침 14 (역방향 연결): Line1(ID=206840, Name=LINE_106980_106981, From=106980, To=106981) vs Line2(ID=206841, Name=LINE_106981_106980, From=106981, To=106980)
2025-08-20 13:06:48,475 - ERROR - 겹침 15 (역방향 연결): Line1(ID=206842, Name=LINE_106981_106982, From=106981, To=106982) vs Line2(ID=206843, Name=LINE_106982_106981, From=106982, To=106981)
2025-08-20 13:06:48,475 - ERROR - 겹침 16 (역방향 연결): Line1(ID=206845, Name=LINE_106983_106984, From=106983, To=106984) vs Line2(ID=206847, Name=LINE_106984_106983, From=106984, To=106983)
2025-08-20 13:06:48,475 - ERROR - 겹침 17 (역방향 연결): Line1(ID=206848, Name=LINE_106984_106985, From=106984, To=106985) vs Line2(ID=206850, Name=LINE_106985_106984, From=106985, To=106984)
2025-08-20 13:06:48,475 - ERROR - 겹침 18 (역방향 연결): Line1(ID=206854, Name=LINE_106987_106988, From=106987, To=106988) vs Line2(ID=206855, Name=LINE_106988_106987, From=106988, To=106987)
2025-08-20 13:06:48,475 - ERROR - 겹침 19 (역방향 연결): Line1(ID=206856, Name=LINE_106988_106989, From=106988, To=106989) vs Line2(ID=206857, Name=LINE_106989_106988, From=106989, To=106988)
2025-08-20 13:06:48,475 - ERROR - 겹침 20 (역방향 연결): Line1(ID=206858, Name=LINE_106989_106990, From=106989, To=106990) vs Line2(ID=206859, Name=LINE_106990_106989, From=106990, To=106989)
2025-08-20 13:06:48,475 - ERROR - 겹침 21 (역방향 연결): Line1(ID=206861, Name=LINE_106991_106992, From=106991, To=106992) vs Line2(ID=206863, Name=LINE_106992_106991, From=106992, To=106991)
2025-08-20 13:06:48,475 - ERROR - 겹침 22 (역방향 연결): Line1(ID=206864, Name=LINE_106992_106993, From=106992, To=106993) vs Line2(ID=206866, Name=LINE_106993_106992, From=106993, To=106992)
2025-08-20 13:06:48,475 - ERROR - 겹침 23 (역방향 연결): Line1(ID=206872, Name=LINE_106996_106997, From=106996, To=106997) vs Line2(ID=206873, Name=LINE_106997_106996, From=106997, To=106996)
2025-08-20 13:06:48,475 - ERROR - 겹침 24 (역방향 연결): Line1(ID=206874, Name=LINE_106997_106998, From=106997, To=106998) vs Line2(ID=206875, Name=LINE_106998_106997, From=106998, To=106997)
2025-08-20 13:06:48,475 - ERROR - 겹침 25 (역방향 연결): Line1(ID=206877, Name=LINE_106999_107000, From=106999, To=107000) vs Line2(ID=206879, Name=LINE_107000_106999, From=107000, To=106999)
2025-08-20 13:06:48,475 - ERROR - 겹침 26 (역방향 연결): Line1(ID=206880, Name=LINE_107000_107001, From=107000, To=107001) vs Line2(ID=206882, Name=LINE_107001_107000, From=107001, To=107000)
2025-08-20 13:06:48,475 - ERROR - 겹침 27 (역방향 연결): Line1(ID=206886, Name=LINE_107003_107004, From=107003, To=107004) vs Line2(ID=206887, Name=LINE_107004_107003, From=107004, To=107003)
2025-08-20 13:06:48,475 - ERROR - 겹침 28 (역방향 연결): Line1(ID=206888, Name=LINE_107004_107005, From=107004, To=107005) vs Line2(ID=206889, Name=LINE_107005_107004, From=107005, To=107004)
2025-08-20 13:06:48,475 - ERROR - 겹침 29 (역방향 연결): Line1(ID=206890, Name=LINE_107005_107006, From=107005, To=107006) vs Line2(ID=206891, Name=LINE_107006_107005, From=107006, To=107005)
2025-08-20 13:06:48,475 - ERROR - 겹침 30 (역방향 연결): Line1(ID=206893, Name=LINE_107007_107008, From=107007, To=107008) vs Line2(ID=206895, Name=LINE_107008_107007, From=107008, To=107007)
2025-08-20 13:06:48,475 - ERROR - 겹침 31 (역방향 연결): Line1(ID=206896, Name=LINE_107008_107009, From=107008, To=107009) vs Line2(ID=206898, Name=LINE_107009_107008, From=107009, To=107008)
2025-08-20 13:06:48,475 - ERROR - 겹침 32 (역방향 연결): Line1(ID=206902, Name=LINE_107011_107012, From=107011, To=107012) vs Line2(ID=206903, Name=LINE_107012_107011, From=107012, To=107011)
2025-08-20 13:06:48,475 - ERROR - 겹침 33 (역방향 연결): Line1(ID=206904, Name=LINE_107012_107013, From=107012, To=107013) vs Line2(ID=206905, Name=LINE_107013_107012, From=107013, To=107012)
2025-08-20 13:06:48,475 - ERROR - 겹침 34 (역방향 연결): Line1(ID=206906, Name=LINE_107013_107014, From=107013, To=107014) vs Line2(ID=206907, Name=LINE_107014_107013, From=107014, To=107013)
2025-08-20 13:06:48,475 - ERROR - 겹침 35 (역방향 연결): Line1(ID=206909, Name=LINE_107015_107016, From=107015, To=107016) vs Line2(ID=206911, Name=LINE_107016_107015, From=107016, To=107015)
2025-08-20 13:06:48,475 - ERROR - 겹침 36 (역방향 연결): Line1(ID=206912, Name=LINE_107016_107017, From=107016, To=107017) vs Line2(ID=206914, Name=LINE_107017_107016, From=107017, To=107016)
2025-08-20 13:06:48,475 - ERROR - 겹침 37 (역방향 연결): Line1(ID=206920, Name=LINE_107020_107021, From=107020, To=107021) vs Line2(ID=206921, Name=LINE_107021_107020, From=107021, To=107020)
2025-08-20 13:06:48,475 - ERROR - 겹침 38 (역방향 연결): Line1(ID=206922, Name=LINE_107021_107022, From=107021, To=107022) vs Line2(ID=206923, Name=LINE_107022_107021, From=107022, To=107021)
2025-08-20 13:06:48,475 - ERROR - 겹침 39 (역방향 연결): Line1(ID=206925, Name=LINE_107023_107024, From=107023, To=107024) vs Line2(ID=206927, Name=LINE_107024_107023, From=107024, To=107023)
2025-08-20 13:06:48,475 - ERROR - 겹침 40 (역방향 연결): Line1(ID=206928, Name=LINE_107024_107025, From=107024, To=107025) vs Line2(ID=206930, Name=LINE_107025_107024, From=107025, To=107024)
2025-08-20 13:06:48,475 - ERROR - 겹침 41 (역방향 연결): Line1(ID=206934, Name=LINE_107027_107028, From=107027, To=107028) vs Line2(ID=206935, Name=LINE_107028_107027, From=107028, To=107027)
2025-08-20 13:06:48,475 - ERROR - 겹침 42 (역방향 연결): Line1(ID=206936, Name=LINE_107028_107029, From=107028, To=107029) vs Line2(ID=206937, Name=LINE_107029_107028, From=107029, To=107028)
2025-08-20 13:06:48,475 - ERROR - 겹침 43 (역방향 연결): Line1(ID=206938, Name=LINE_107029_107030, From=107029, To=107030) vs Line2(ID=206939, Name=LINE_107030_107029, From=107030, To=107029)
2025-08-20 13:06:48,475 - ERROR - 겹침 44 (역방향 연결): Line1(ID=206941, Name=LINE_107031_107032, From=107031, To=107032) vs Line2(ID=206943, Name=LINE_107032_107031, From=107032, To=107031)
2025-08-20 13:06:48,475 - ERROR - 겹침 45 (역방향 연결): Line1(ID=206944, Name=LINE_107032_107033, From=107032, To=107033) vs Line2(ID=206946, Name=LINE_107033_107032, From=107033, To=107032)
2025-08-20 13:06:48,475 - ERROR - 겹침 46 (역방향 연결): Line1(ID=206950, Name=LINE_107035_107036, From=107035, To=107036) vs Line2(ID=206951, Name=LINE_107036_107035, From=107036, To=107035)
2025-08-20 13:06:48,475 - ERROR - 겹침 47 (역방향 연결): Line1(ID=206952, Name=LINE_107036_107037, From=107036, To=107037) vs Line2(ID=206953, Name=LINE_107037_107036, From=107037, To=107036)
2025-08-20 13:06:48,475 - ERROR - 겹침 48 (역방향 연결): Line1(ID=206954, Name=LINE_107037_107038, From=107037, To=107038) vs Line2(ID=206955, Name=LINE_107038_107037, From=107038, To=107037)
2025-08-20 13:06:48,475 - ERROR - 겹침 49 (역방향 연결): Line1(ID=206957, Name=LINE_107039_107040, From=107039, To=107040) vs Line2(ID=206959, Name=LINE_107040_107039, From=107040, To=107039)
2025-08-20 13:06:48,475 - ERROR - 겹침 50 (역방향 연결): Line1(ID=206960, Name=LINE_107040_107041, From=107040, To=107041) vs Line2(ID=206962, Name=LINE_107041_107040, From=107041, To=107040)
2025-08-20 13:06:48,475 - ERROR - 겹침 51 (역방향 연결): Line1(ID=206966, Name=LINE_107043_107044, From=107043, To=107044) vs Line2(ID=206967, Name=LINE_107044_107043, From=107044, To=107043)
2025-08-20 13:06:48,475 - ERROR - 겹침 52 (역방향 연결): Line1(ID=206968, Name=LINE_107044_107045, From=107044, To=107045) vs Line2(ID=206969, Name=LINE_107045_107044, From=107045, To=107044)
2025-08-20 13:06:48,475 - ERROR - 겹침 53 (역방향 연결): Line1(ID=206970, Name=LINE_107045_107046, From=107045, To=107046) vs Line2(ID=206971, Name=LINE_107046_107045, From=107046, To=107045)
2025-08-20 13:06:48,475 - ERROR - 겹침 54 (역방향 연결): Line1(ID=206973, Name=LINE_107047_107048, From=107047, To=107048) vs Line2(ID=206975, Name=LINE_107048_107047, From=107048, To=107047)
2025-08-20 13:06:48,475 - ERROR - 겹침 55 (역방향 연결): Line1(ID=206976, Name=LINE_107048_107049, From=107048, To=107049) vs Line2(ID=206978, Name=LINE_107049_107048, From=107049, To=107048)
2025-08-20 13:06:48,475 - ERROR - 겹침 56 (역방향 연결): Line1(ID=206982, Name=LINE_107051_107052, From=107051, To=107052) vs Line2(ID=206983, Name=LINE_107052_107051, From=107052, To=107051)
2025-08-20 13:06:48,475 - ERROR - 겹침 57 (역방향 연결): Line1(ID=206984, Name=LINE_107052_107053, From=107052, To=107053) vs Line2(ID=206985, Name=LINE_107053_107052, From=107053, To=107052)
2025-08-20 13:06:48,475 - ERROR - 겹침 58 (역방향 연결): Line1(ID=206986, Name=LINE_107053_107054, From=107053, To=107054) vs Line2(ID=206987, Name=LINE_107054_107053, From=107054, To=107053)
2025-08-20 13:06:48,476 - ERROR - 겹침 59 (역방향 연결): Line1(ID=206989, Name=LINE_107055_107056, From=107055, To=107056) vs Line2(ID=206991, Name=LINE_107056_107055, From=107056, To=107055)
2025-08-20 13:06:48,476 - ERROR - 겹침 60 (역방향 연결): Line1(ID=206992, Name=LINE_107056_107057, From=107056, To=107057) vs Line2(ID=206994, Name=LINE_107057_107056, From=107057, To=107056)
2025-08-20 13:06:48,476 - ERROR - 겹침 61 (역방향 연결): Line1(ID=206998, Name=LINE_107059_107060, From=107059, To=107060) vs Line2(ID=206999, Name=LINE_107060_107059, From=107060, To=107059)
2025-08-20 13:06:48,476 - ERROR - 겹침 62 (역방향 연결): Line1(ID=207000, Name=LINE_107060_107061, From=107060, To=107061) vs Line2(ID=207001, Name=LINE_107061_107060, From=107061, To=107060)
2025-08-20 13:06:48,476 - ERROR - 겹침 63 (역방향 연결): Line1(ID=207002, Name=LINE_107061_107062, From=107061, To=107062) vs Line2(ID=207003, Name=LINE_107062_107061, From=107062, To=107061)
2025-08-20 13:06:48,476 - ERROR - 겹침 64 (역방향 연결): Line1(ID=207005, Name=LINE_107063_107064, From=107063, To=107064) vs Line2(ID=207007, Name=LINE_107064_107063, From=107064, To=107063)
2025-08-20 13:06:48,476 - ERROR - 겹침 65 (역방향 연결): Line1(ID=207008, Name=LINE_107064_107065, From=107064, To=107065) vs Line2(ID=207010, Name=LINE_107065_107064, From=107065, To=107064)
2025-08-20 13:06:48,476 - ERROR - 겹침 66 (역방향 연결): Line1(ID=207014, Name=LINE_107067_107068, From=107067, To=107068) vs Line2(ID=207015, Name=LINE_107068_107067, From=107068, To=107067)
2025-08-20 13:06:48,476 - ERROR - 겹침 67 (역방향 연결): Line1(ID=207016, Name=LINE_107068_107069, From=107068, To=107069) vs Line2(ID=207017, Name=LINE_107069_107068, From=107069, To=107068)
2025-08-20 13:06:48,476 - ERROR - 겹침 68 (역방향 연결): Line1(ID=207018, Name=LINE_107069_107070, From=107069, To=107070) vs Line2(ID=207019, Name=LINE_107070_107069, From=107070, To=107069)
2025-08-20 13:06:48,476 - ERROR - 겹침 69 (역방향 연결): Line1(ID=207021, Name=LINE_107071_107072, From=107071, To=107072) vs Line2(ID=207023, Name=LINE_107072_107071, From=107072, To=107071)
2025-08-20 13:06:48,476 - ERROR - 겹침 70 (역방향 연결): Line1(ID=207024, Name=LINE_107072_107073, From=107072, To=107073) vs Line2(ID=207026, Name=LINE_107073_107072, From=107073, To=107072)
2025-08-20 13:06:48,476 - ERROR - 겹침 71 (역방향 연결): Line1(ID=207030, Name=LINE_107075_107076, From=107075, To=107076) vs Line2(ID=207032, Name=LINE_107076_107075, From=107076, To=107075)
2025-08-20 13:06:48,476 - ERROR - 겹침 72 (역방향 연결): Line1(ID=207034, Name=LINE_107077_107078, From=107077, To=107078) vs Line2(ID=207035, Name=LINE_107078_107077, From=107078, To=107077)
2025-08-20 13:06:48,476 - ERROR - 겹침 73 (역방향 연결): Line1(ID=207037, Name=LINE_107079_107080, From=107079, To=107080) vs Line2(ID=207039, Name=LINE_107080_107079, From=107080, To=107079)
2025-08-20 13:06:48,476 - ERROR - 겹침 74 (역방향 연결): Line1(ID=207040, Name=LINE_107080_107081, From=107080, To=107081) vs Line2(ID=207042, Name=LINE_107081_107080, From=107081, To=107080)
2025-08-20 13:06:48,476 - ERROR - 겹침 75 (역방향 연결): Line1(ID=207046, Name=LINE_107083_107084, From=107083, To=107084) vs Line2(ID=207047, Name=LINE_107084_107083, From=107084, To=107083)
2025-08-20 13:06:48,476 - ERROR - 겹침 76 (역방향 연결): Line1(ID=207048, Name=LINE_107084_107085, From=107084, To=107085) vs Line2(ID=207049, Name=LINE_107085_107084, From=107085, To=107084)
2025-08-20 13:06:48,476 - ERROR - 겹침 77 (역방향 연결): Line1(ID=207050, Name=LINE_107085_107086, From=107085, To=107086) vs Line2(ID=207051, Name=LINE_107086_107085, From=107086, To=107085)
2025-08-20 13:06:48,476 - ERROR - 겹침 78 (역방향 연결): Line1(ID=207053, Name=LINE_107087_107088, From=107087, To=107088) vs Line2(ID=207055, Name=LINE_107088_107087, From=107088, To=107087)
2025-08-20 13:06:48,476 - ERROR - 겹침 79 (역방향 연결): Line1(ID=207056, Name=LINE_107088_107089, From=107088, To=107089) vs Line2(ID=207058, Name=LINE_107089_107088, From=107089, To=107088)
2025-08-20 13:06:48,476 - ERROR - 겹침 80 (역방향 연결): Line1(ID=207062, Name=LINE_107091_107092, From=107091, To=107092) vs Line2(ID=207063, Name=LINE_107092_107091, From=107092, To=107091)
2025-08-20 13:06:48,476 - ERROR - 겹침 81 (역방향 연결): Line1(ID=207064, Name=LINE_107092_107093, From=107092, To=107093) vs Line2(ID=207065, Name=LINE_107093_107092, From=107093, To=107092)
2025-08-20 13:06:48,476 - ERROR - 겹침 82 (역방향 연결): Line1(ID=207066, Name=LINE_107093_107094, From=107093, To=107094) vs Line2(ID=207067, Name=LINE_107094_107093, From=107094, To=107093)
2025-08-20 13:06:48,476 - ERROR - 겹침 83 (역방향 연결): Line1(ID=207069, Name=LINE_107095_107096, From=107095, To=107096) vs Line2(ID=207071, Name=LINE_107096_107095, From=107096, To=107095)
2025-08-20 13:06:48,476 - ERROR - 겹침 84 (역방향 연결): Line1(ID=207072, Name=LINE_107096_107097, From=107096, To=107097) vs Line2(ID=207074, Name=LINE_107097_107096, From=107097, To=107096)
2025-08-20 13:06:48,476 - ERROR - 겹침 85 (역방향 연결): Line1(ID=207078, Name=LINE_107099_107100, From=107099, To=107100) vs Line2(ID=207079, Name=LINE_107100_107099, From=107100, To=107099)
2025-08-20 13:06:48,476 - ERROR - 겹침 86 (역방향 연결): Line1(ID=207080, Name=LINE_107100_107101, From=107100, To=107101) vs Line2(ID=207081, Name=LINE_107101_107100, From=107101, To=107100)
2025-08-20 13:06:48,476 - ERROR - 겹침 87 (역방향 연결): Line1(ID=207082, Name=LINE_107101_107102, From=107101, To=107102) vs Line2(ID=207083, Name=LINE_107102_107101, From=107102, To=107101)
2025-08-20 13:06:48,476 - ERROR - 겹침 88 (역방향 연결): Line1(ID=207085, Name=LINE_107103_107104, From=107103, To=107104) vs Line2(ID=207087, Name=LINE_107104_107103, From=107104, To=107103)
2025-08-20 13:06:48,476 - ERROR - 겹침 89 (역방향 연결): Line1(ID=207088, Name=LINE_107104_107105, From=107104, To=107105) vs Line2(ID=207090, Name=LINE_107105_107104, From=107105, To=107104)
2025-08-20 13:06:48,476 - ERROR - 겹침 90 (역방향 연결): Line1(ID=207094, Name=LINE_107107_107108, From=107107, To=107108) vs Line2(ID=207095, Name=LINE_107108_107107, From=107108, To=107107)
2025-08-20 13:06:48,476 - ERROR - 겹침 91 (역방향 연결): Line1(ID=207096, Name=LINE_107108_107109, From=107108, To=107109) vs Line2(ID=207097, Name=LINE_107109_107108, From=107109, To=107108)
2025-08-20 13:06:48,476 - ERROR - 겹침 92 (역방향 연결): Line1(ID=207098, Name=LINE_107109_107110, From=107109, To=107110) vs Line2(ID=207099, Name=LINE_107110_107109, From=107110, To=107109)
2025-08-20 13:06:48,476 - ERROR - 겹침 93 (역방향 연결): Line1(ID=207101, Name=LINE_107111_107112, From=107111, To=107112) vs Line2(ID=207103, Name=LINE_107112_107111, From=107112, To=107111)
2025-08-20 13:06:48,476 - ERROR - 겹침 94 (역방향 연결): Line1(ID=207104, Name=LINE_107112_107113, From=107112, To=107113) vs Line2(ID=207106, Name=LINE_107113_107112, From=107113, To=107112)
2025-08-20 13:06:48,476 - ERROR - 겹침 95 (역방향 연결): Line1(ID=207110, Name=LINE_107115_107116, From=107115, To=107116) vs Line2(ID=207111, Name=LINE_107116_107115, From=107116, To=107115)
2025-08-20 13:06:48,476 - ERROR - 겹침 96 (역방향 연결): Line1(ID=207112, Name=LINE_107116_107117, From=107116, To=107117) vs Line2(ID=207113, Name=LINE_107117_107116, From=107117, To=107116)
2025-08-20 13:06:48,476 - ERROR - 겹침 97 (역방향 연결): Line1(ID=207114, Name=LINE_107117_107118, From=107117, To=107118) vs Line2(ID=207115, Name=LINE_107118_107117, From=107118, To=107117)
2025-08-20 13:06:48,476 - ERROR - 겹침 98 (역방향 연결): Line1(ID=207261, Name=LINE_107191_107195, From=107191, To=107195) vs Line2(ID=207269, Name=LINE_107195_107191, From=107195, To=107191)
2025-08-20 13:06:48,476 - ERROR - 겹침 99 (역방향 연결): Line1(ID=207263, Name=LINE_107192_107196, From=107192, To=107196) vs Line2(ID=207271, Name=LINE_107196_107192, From=107196, To=107192)
2025-08-20 13:06:48,476 - ERROR - 겹침 100 (역방향 연결): Line1(ID=207265, Name=LINE_107193_107197, From=107193, To=107197) vs Line2(ID=207273, Name=LINE_107197_107193, From=107197, To=107193)
2025-08-20 13:06:48,476 - ERROR - 겹침 101 (역방향 연결): Line1(ID=207267, Name=LINE_107194_107198, From=107194, To=107198) vs Line2(ID=207275, Name=LINE_107198_107194, From=107198, To=107194)
2025-08-20 13:06:48,476 - ERROR - 겹침 102 (역방향 연결): Line1(ID=207277, Name=LINE_107199_107203, From=107199, To=107203) vs Line2(ID=207285, Name=LINE_107203_107199, From=107203, To=107199)
2025-08-20 13:06:48,476 - ERROR - 겹침 103 (역방향 연결): Line1(ID=207279, Name=LINE_107200_107204, From=107200, To=107204) vs Line2(ID=207287, Name=LINE_107204_107200, From=107204, To=107200)
2025-08-20 13:06:48,476 - ERROR - 겹침 104 (역방향 연결): Line1(ID=207281, Name=LINE_107201_107205, From=107201, To=107205) vs Line2(ID=207289, Name=LINE_107205_107201, From=107205, To=107201)
2025-08-20 13:06:48,476 - ERROR - 겹침 105 (역방향 연결): Line1(ID=207283, Name=LINE_107202_107206, From=107202, To=107206) vs Line2(ID=207291, Name=LINE_107206_107202, From=107206, To=107202)
2025-08-20 13:06:48,476 - ERROR - 겹침 106 (역방향 연결): Line1(ID=207293, Name=LINE_107207_107211, From=107207, To=107211) vs Line2(ID=207301, Name=LINE_107211_107207, From=107211, To=107207)
2025-08-20 13:06:48,476 - ERROR - 겹침 107 (역방향 연결): Line1(ID=207295, Name=LINE_107208_107212, From=107208, To=107212) vs Line2(ID=207303, Name=LINE_107212_107208, From=107212, To=107208)
2025-08-20 13:06:48,476 - ERROR - 겹침 108 (역방향 연결): Line1(ID=207297, Name=LINE_107209_107213, From=107209, To=107213) vs Line2(ID=207305, Name=LINE_107213_107209, From=107213, To=107209)
2025-08-20 13:06:48,476 - ERROR - 겹침 109 (역방향 연결): Line1(ID=207299, Name=LINE_107210_107214, From=107210, To=107214) vs Line2(ID=207307, Name=LINE_107214_107210, From=107214, To=107210)
2025-08-20 13:06:48,476 - ERROR - 겹침 110 (역방향 연결): Line1(ID=207309, Name=LINE_107215_107219, From=107215, To=107219) vs Line2(ID=207317, Name=LINE_107219_107215, From=107219, To=107215)
2025-08-20 13:06:48,476 - ERROR - 겹침 111 (역방향 연결): Line1(ID=207311, Name=LINE_107216_107220, From=107216, To=107220) vs Line2(ID=207319, Name=LINE_107220_107216, From=107220, To=107216)
2025-08-20 13:06:48,476 - ERROR - 겹침 112 (역방향 연결): Line1(ID=207313, Name=LINE_107217_107221, From=107217, To=107221) vs Line2(ID=207321, Name=LINE_107221_107217, From=107221, To=107217)
2025-08-20 13:06:48,476 - ERROR - 겹침 113 (역방향 연결): Line1(ID=207315, Name=LINE_107218_107222, From=107218, To=107222) vs Line2(ID=207323, Name=LINE_107222_107218, From=107222, To=107218)
2025-08-20 13:06:48,476 - ERROR - 겹침 114 (역방향 연결): Line1(ID=207325, Name=LINE_107223_107227, From=107223, To=107227) vs Line2(ID=207333, Name=LINE_107227_107223, From=107227, To=107223)
2025-08-20 13:06:48,476 - ERROR - 겹침 115 (역방향 연결): Line1(ID=207327, Name=LINE_107224_107228, From=107224, To=107228) vs Line2(ID=207335, Name=LINE_107228_107224, From=107228, To=107224)
2025-08-20 13:06:48,476 - ERROR - 겹침 116 (역방향 연결): Line1(ID=207329, Name=LINE_107225_107229, From=107225, To=107229) vs Line2(ID=207337, Name=LINE_107229_107225, From=107229, To=107225)
2025-08-20 13:06:48,476 - ERROR - 겹침 117 (역방향 연결): Line1(ID=207331, Name=LINE_107226_107230, From=107226, To=107230) vs Line2(ID=207339, Name=LINE_107230_107226, From=107230, To=107226)
2025-08-20 13:06:48,476 - ERROR - 겹침 118 (역방향 연결): Line1(ID=207341, Name=LINE_107231_107235, From=107231, To=107235) vs Line2(ID=207349, Name=LINE_107235_107231, From=107235, To=107231)
2025-08-20 13:06:48,476 - ERROR - 겹침 119 (역방향 연결): Line1(ID=207343, Name=LINE_107232_107236, From=107232, To=107236) vs Line2(ID=207351, Name=LINE_107236_107232, From=107236, To=107232)
2025-08-20 13:06:48,476 - ERROR - 겹침 120 (역방향 연결): Line1(ID=207345, Name=LINE_107233_107237, From=107233, To=107237) vs Line2(ID=207353, Name=LINE_107237_107233, From=107237, To=107233)
2025-08-20 13:06:48,476 - ERROR - 겹침 121 (역방향 연결): Line1(ID=207347, Name=LINE_107234_107238, From=107234, To=107238) vs Line2(ID=207355, Name=LINE_107238_107234, From=107238, To=107234)
2025-08-20 13:06:48,476 - ERROR - 겹침 122 (역방향 연결): Line1(ID=207357, Name=LINE_107239_107243, From=107239, To=107243) vs Line2(ID=207365, Name=LINE_107243_107239, From=107243, To=107239)
2025-08-20 13:06:48,476 - ERROR - 겹침 123 (역방향 연결): Line1(ID=207359, Name=LINE_107240_107244, From=107240, To=107244) vs Line2(ID=207367, Name=LINE_107244_107240, From=107244, To=107240)
2025-08-20 13:06:48,477 - ERROR - 겹침 124 (역방향 연결): Line1(ID=207361, Name=LINE_107241_107245, From=107241, To=107245) vs Line2(ID=207369, Name=LINE_107245_107241, From=107245, To=107241)
2025-08-20 13:06:48,477 - ERROR - 겹침 125 (역방향 연결): Line1(ID=207363, Name=LINE_107242_107246, From=107242, To=107246) vs Line2(ID=207371, Name=LINE_107246_107242, From=107246, To=107242)
2025-08-20 13:06:48,477 - ERROR - 겹침 126 (역방향 연결): Line1(ID=207373, Name=LINE_107247_107251, From=107247, To=107251) vs Line2(ID=207381, Name=LINE_107251_107247, From=107251, To=107247)
2025-08-20 13:06:48,477 - ERROR - 겹침 127 (역방향 연결): Line1(ID=207375, Name=LINE_107248_107252, From=107248, To=107252) vs Line2(ID=207383, Name=LINE_107252_107248, From=107252, To=107248)
2025-08-20 13:06:48,477 - ERROR - 겹침 128 (역방향 연결): Line1(ID=207377, Name=LINE_107249_107253, From=107249, To=107253) vs Line2(ID=207385, Name=LINE_107253_107249, From=107253, To=107249)
2025-08-20 13:06:48,477 - ERROR - 겹침 129 (역방향 연결): Line1(ID=207379, Name=LINE_107250_107254, From=107250, To=107254) vs Line2(ID=207387, Name=LINE_107254_107250, From=107254, To=107250)
2025-08-20 13:06:48,477 - ERROR - 겹침 130 (역방향 연결): Line1(ID=207389, Name=LINE_107255_107259, From=107255, To=107259) vs Line2(ID=207397, Name=LINE_107259_107255, From=107259, To=107255)
2025-08-20 13:06:48,477 - ERROR - 겹침 131 (역방향 연결): Line1(ID=207391, Name=LINE_107256_107260, From=107256, To=107260) vs Line2(ID=207399, Name=LINE_107260_107256, From=107260, To=107256)
2025-08-20 13:06:48,477 - ERROR - 겹침 132 (역방향 연결): Line1(ID=207393, Name=LINE_107257_107261, From=107257, To=107261) vs Line2(ID=207401, Name=LINE_107261_107257, From=107261, To=107257)
2025-08-20 13:06:48,477 - ERROR - 겹침 133 (역방향 연결): Line1(ID=207395, Name=LINE_107258_107262, From=107258, To=107262) vs Line2(ID=207403, Name=LINE_107262_107258, From=107262, To=107258)
2025-08-20 13:06:48,477 - ERROR - 겹침 134 (역방향 연결): Line1(ID=207405, Name=LINE_107263_107267, From=107263, To=107267) vs Line2(ID=207413, Name=LINE_107267_107263, From=107267, To=107263)
2025-08-20 13:06:48,477 - ERROR - 겹침 135 (역방향 연결): Line1(ID=207407, Name=LINE_107264_107268, From=107264, To=107268) vs Line2(ID=207415, Name=LINE_107268_107264, From=107268, To=107264)
2025-08-20 13:06:48,477 - ERROR - 겹침 136 (역방향 연결): Line1(ID=207409, Name=LINE_107265_107269, From=107265, To=107269) vs Line2(ID=207417, Name=LINE_107269_107265, From=107269, To=107265)
2025-08-20 13:06:48,477 - ERROR - 겹침 137 (역방향 연결): Line1(ID=207411, Name=LINE_107266_107270, From=107266, To=107270) vs Line2(ID=207419, Name=LINE_107270_107266, From=107270, To=107266)
2025-08-20 13:06:48,477 - ERROR - 겹침 138 (역방향 연결): Line1(ID=207421, Name=LINE_107271_107275, From=107271, To=107275) vs Line2(ID=207429, Name=LINE_107275_107271, From=107275, To=107271)
2025-08-20 13:06:48,477 - ERROR - 겹침 139 (역방향 연결): Line1(ID=207423, Name=LINE_107272_107276, From=107272, To=107276) vs Line2(ID=207431, Name=LINE_107276_107272, From=107276, To=107272)
2025-08-20 13:06:48,477 - ERROR - 겹침 140 (역방향 연결): Line1(ID=207425, Name=LINE_107273_107277, From=107273, To=107277) vs Line2(ID=207433, Name=LINE_107277_107273, From=107277, To=107273)
2025-08-20 13:06:48,477 - ERROR - 겹침 141 (역방향 연결): Line1(ID=207427, Name=LINE_107274_107278, From=107274, To=107278) vs Line2(ID=207435, Name=LINE_107278_107274, From=107278, To=107274)
2025-08-20 13:06:48,477 - ERROR - 겹침 142 (역방향 연결): Line1(ID=207437, Name=LINE_107279_107283, From=107279, To=107283) vs Line2(ID=207445, Name=LINE_107283_107279, From=107283, To=107279)
2025-08-20 13:06:48,477 - ERROR - 겹침 143 (역방향 연결): Line1(ID=207439, Name=LINE_107280_107284, From=107280, To=107284) vs Line2(ID=207447, Name=LINE_107284_107280, From=107284, To=107280)
2025-08-20 13:06:48,477 - ERROR - 겹침 144 (역방향 연결): Line1(ID=207441, Name=LINE_107281_107285, From=107281, To=107285) vs Line2(ID=207449, Name=LINE_107285_107281, From=107285, To=107281)
2025-08-20 13:06:48,477 - ERROR - 겹침 145 (역방향 연결): Line1(ID=207443, Name=LINE_107282_107286, From=107282, To=107286) vs Line2(ID=207451, Name=LINE_107286_107282, From=107286, To=107282)
2025-08-20 13:06:48,477 - ERROR - 겹침 146 (역방향 연결): Line1(ID=207453, Name=LINE_107287_107291, From=107287, To=107291) vs Line2(ID=207461, Name=LINE_107291_107287, From=107291, To=107287)
2025-08-20 13:06:48,477 - ERROR - 겹침 147 (역방향 연결): Line1(ID=207455, Name=LINE_107288_107292, From=107288, To=107292) vs Line2(ID=207463, Name=LINE_107292_107288, From=107292, To=107288)
2025-08-20 13:06:48,477 - ERROR - 겹침 148 (역방향 연결): Line1(ID=207457, Name=LINE_107289_107293, From=107289, To=107293) vs Line2(ID=207465, Name=LINE_107293_107289, From=107293, To=107289)
2025-08-20 13:06:48,477 - ERROR - 겹침 149 (역방향 연결): Line1(ID=207459, Name=LINE_107290_107294, From=107290, To=107294) vs Line2(ID=207467, Name=LINE_107294_107290, From=107294, To=107290)
2025-08-20 13:06:48,477 - ERROR - 겹침 150 (역방향 연결): Line1(ID=207469, Name=LINE_107295_107299, From=107295, To=107299) vs Line2(ID=207477, Name=LINE_107299_107295, From=107299, To=107295)
2025-08-20 13:06:48,477 - ERROR - 겹침 151 (역방향 연결): Line1(ID=207471, Name=LINE_107296_107300, From=107296, To=107300) vs Line2(ID=207479, Name=LINE_107300_107296, From=107300, To=107296)
2025-08-20 13:06:48,477 - ERROR - 겹침 152 (역방향 연결): Line1(ID=207473, Name=LINE_107297_107301, From=107297, To=107301) vs Line2(ID=207481, Name=LINE_107301_107297, From=107301, To=107297)
2025-08-20 13:06:48,477 - ERROR - 겹침 153 (역방향 연결): Line1(ID=207475, Name=LINE_107298_107302, From=107298, To=107302) vs Line2(ID=207483, Name=LINE_107302_107298, From=107302, To=107298)
2025-08-20 13:06:48,477 - ERROR - 겹침 154 (역방향 연결): Line1(ID=207485, Name=LINE_107303_107307, From=107303, To=107307) vs Line2(ID=207493, Name=LINE_107307_107303, From=107307, To=107303)
2025-08-20 13:06:48,477 - ERROR - 겹침 155 (역방향 연결): Line1(ID=207487, Name=LINE_107304_107308, From=107304, To=107308) vs Line2(ID=207495, Name=LINE_107308_107304, From=107308, To=107304)
2025-08-20 13:06:48,477 - ERROR - 겹침 156 (역방향 연결): Line1(ID=207489, Name=LINE_107305_107309, From=107305, To=107309) vs Line2(ID=207497, Name=LINE_107309_107305, From=107309, To=107305)
2025-08-20 13:06:48,477 - ERROR - 겹침 157 (역방향 연결): Line1(ID=207491, Name=LINE_107306_107310, From=107306, To=107310) vs Line2(ID=207499, Name=LINE_107310_107306, From=107310, To=107306)
2025-08-20 13:06:48,477 - ERROR - 겹침 158 (역방향 연결): Line1(ID=207501, Name=LINE_107311_107315, From=107311, To=107315) vs Line2(ID=207509, Name=LINE_107315_107311, From=107315, To=107311)
2025-08-20 13:06:48,477 - ERROR - 겹침 159 (역방향 연결): Line1(ID=207503, Name=LINE_107312_107316, From=107312, To=107316) vs Line2(ID=207511, Name=LINE_107316_107312, From=107316, To=107312)
2025-08-20 13:06:48,477 - ERROR - 겹침 160 (역방향 연결): Line1(ID=207505, Name=LINE_107313_107317, From=107313, To=107317) vs Line2(ID=207513, Name=LINE_107317_107313, From=107317, To=107313)
2025-08-20 13:06:48,477 - ERROR - 겹침 161 (역방향 연결): Line1(ID=207507, Name=LINE_107314_107318, From=107314, To=107318) vs Line2(ID=207515, Name=LINE_107318_107314, From=107318, To=107314)
2025-08-20 13:06:48,477 - ERROR - 겹침 162 (역방향 연결): Line1(ID=207517, Name=LINE_107319_107323, From=107319, To=107323) vs Line2(ID=207525, Name=LINE_107323_107319, From=107323, To=107319)
2025-08-20 13:06:48,477 - ERROR - 겹침 163 (역방향 연결): Line1(ID=207519, Name=LINE_107320_107324, From=107320, To=107324) vs Line2(ID=207527, Name=LINE_107324_107320, From=107324, To=107320)
2025-08-20 13:06:48,477 - ERROR - 겹침 164 (역방향 연결): Line1(ID=207521, Name=LINE_107321_107325, From=107321, To=107325) vs Line2(ID=207529, Name=LINE_107325_107321, From=107325, To=107321)
2025-08-20 13:06:48,477 - ERROR - 겹침 165 (역방향 연결): Line1(ID=207523, Name=LINE_107322_107326, From=107322, To=107326) vs Line2(ID=207531, Name=LINE_107326_107322, From=107326, To=107322)
2025-08-20 13:06:48,477 - ERROR - 겹침 166 (역방향 연결): Line1(ID=207533, Name=LINE_107327_107331, From=107327, To=107331) vs Line2(ID=207541, Name=LINE_107331_107327, From=107331, To=107327)
2025-08-20 13:06:48,477 - ERROR - 겹침 167 (역방향 연결): Line1(ID=207535, Name=LINE_107328_107332, From=107328, To=107332) vs Line2(ID=207543, Name=LINE_107332_107328, From=107332, To=107328)
2025-08-20 13:06:48,477 - ERROR - 겹침 168 (역방향 연결): Line1(ID=207537, Name=LINE_107329_107333, From=107329, To=107333) vs Line2(ID=207545, Name=LINE_107333_107329, From=107333, To=107329)
2025-08-20 13:06:48,477 - ERROR - 겹침 169 (역방향 연결): Line1(ID=207539, Name=LINE_107330_107334, From=107330, To=107334) vs Line2(ID=207547, Name=LINE_107334_107330, From=107334, To=107330)
2025-08-20 13:06:48,477 - ERROR - 겹침 170 (역방향 연결): Line1(ID=207549, Name=LINE_107335_107339, From=107335, To=107339) vs Line2(ID=207557, Name=LINE_107339_107335, From=107339, To=107335)
2025-08-20 13:06:48,477 - ERROR - 겹침 171 (역방향 연결): Line1(ID=207551, Name=LINE_107336_107340, From=107336, To=107340) vs Line2(ID=207559, Name=LINE_107340_107336, From=107340, To=107336)
2025-08-20 13:06:48,477 - ERROR - 겹침 172 (역방향 연결): Line1(ID=207553, Name=LINE_107337_107341, From=107337, To=107341) vs Line2(ID=207561, Name=LINE_107341_107337, From=107341, To=107337)
2025-08-20 13:06:48,477 - ERROR - 겹침 173 (역방향 연결): Line1(ID=207555, Name=LINE_107338_107342, From=107338, To=107342) vs Line2(ID=207563, Name=LINE_107342_107338, From=107342, To=107338)
2025-08-20 13:06:48,477 - ERROR - 겹침 174 (역방향 연결): Line1(ID=207565, Name=LINE_107343_107347, From=107343, To=107347) vs Line2(ID=207573, Name=LINE_107347_107343, From=107347, To=107343)
2025-08-20 13:06:48,477 - ERROR - 겹침 175 (역방향 연결): Line1(ID=207567, Name=LINE_107344_107348, From=107344, To=107348) vs Line2(ID=207575, Name=LINE_107348_107344, From=107348, To=107344)
2025-08-20 13:06:48,477 - ERROR - 겹침 176 (역방향 연결): Line1(ID=207569, Name=LINE_107345_107349, From=107345, To=107349) vs Line2(ID=207577, Name=LINE_107349_107345, From=107349, To=107345)
2025-08-20 13:06:48,477 - ERROR - 겹침 177 (역방향 연결): Line1(ID=207571, Name=LINE_107346_107350, From=107346, To=107350) vs Line2(ID=207579, Name=LINE_107350_107346, From=107350, To=107346)
2025-08-20 13:06:48,477 - ERROR - 겹침 178 (역방향 연결): Line1(ID=207581, Name=LINE_107351_107355, From=107351, To=107355) vs Line2(ID=207589, Name=LINE_107355_107351, From=107355, To=107351)
2025-08-20 13:06:48,477 - ERROR - 겹침 179 (역방향 연결): Line1(ID=207583, Name=LINE_107352_107356, From=107352, To=107356) vs Line2(ID=207591, Name=LINE_107356_107352, From=107356, To=107352)
2025-08-20 13:06:48,477 - ERROR - 겹침 180 (역방향 연결): Line1(ID=207585, Name=LINE_107353_107357, From=107353, To=107357) vs Line2(ID=207593, Name=LINE_107357_107353, From=107357, To=107353)
2025-08-20 13:06:48,477 - ERROR - 겹침 181 (역방향 연결): Line1(ID=207587, Name=LINE_107354_107358, From=107354, To=107358) vs Line2(ID=207595, Name=LINE_107358_107354, From=107358, To=107354)
2025-08-20 13:06:48,477 - ERROR - 겹침 182 (역방향 연결): Line1(ID=207597, Name=LINE_107359_107363, From=107359, To=107363) vs Line2(ID=207605, Name=LINE_107363_107359, From=107363, To=107359)
2025-08-20 13:06:48,477 - ERROR - 겹침 183 (역방향 연결): Line1(ID=207599, Name=LINE_107360_107364, From=107360, To=107364) vs Line2(ID=207607, Name=LINE_107364_107360, From=107364, To=107360)
2025-08-20 13:06:48,477 - ERROR - 겹침 184 (역방향 연결): Line1(ID=207601, Name=LINE_107361_107365, From=107361, To=107365) vs Line2(ID=207609, Name=LINE_107365_107361, From=107365, To=107361)
2025-08-20 13:06:48,477 - ERROR - 겹침 185 (역방향 연결): Line1(ID=207603, Name=LINE_107362_107366, From=107362, To=107366) vs Line2(ID=207611, Name=LINE_107366_107362, From=107366, To=107362)
2025-08-20 13:06:48,477 - ERROR - 겹침 186 (역방향 연결): Line1(ID=207613, Name=LINE_107367_107368, From=107367, To=107368) vs Line2(ID=207615, Name=LINE_107368_107367, From=107368, To=107367)
2025-08-20 13:06:48,477 - ERROR - 겹침 187 (역방향 연결): Line1(ID=207617, Name=LINE_107369_107370, From=107369, To=107370) vs Line2(ID=207619, Name=LINE_107370_107369, From=107370, To=107369)
2025-08-20 13:06:48,477 - ERROR - 겹침 188 (역방향 연결): Line1(ID=207621, Name=LINE_107371_107372, From=107371, To=107372) vs Line2(ID=207624, Name=LINE_107372_107371, From=107372, To=107371)
2025-08-20 13:06:48,477 - ERROR - 겹침 189 (역방향 연결): Line1(ID=207625, Name=LINE_107373_107374, From=107373, To=107374) vs Line2(ID=207627, Name=LINE_107374_107373, From=107374, To=107373)
2025-08-20 13:06:48,477 - ERROR - 겹침 190 (역방향 연결): Line1(ID=207629, Name=LINE_107375_107376, From=107375, To=107376) vs Line2(ID=207631, Name=LINE_107376_107375, From=107376, To=107375)
2025-08-20 13:06:48,478 - ERROR - 겹침 191 (역방향 연결): Line1(ID=207633, Name=LINE_107377_107378, From=107377, To=107378) vs Line2(ID=207635, Name=LINE_107378_107377, From=107378, To=107377)
2025-08-20 13:06:48,478 - ERROR - 겹침 192 (역방향 연결): Line1(ID=207637, Name=LINE_107379_107380, From=107379, To=107380) vs Line2(ID=207639, Name=LINE_107380_107379, From=107380, To=107379)
2025-08-20 13:06:48,478 - ERROR - 겹침 193 (역방향 연결): Line1(ID=207641, Name=LINE_107381_107382, From=107381, To=107382) vs Line2(ID=207643, Name=LINE_107382_107381, From=107382, To=107381)
2025-08-20 13:06:48,478 - ERROR - 겹침 194 (역방향 연결): Line1(ID=207645, Name=LINE_107383_107384, From=107383, To=107384) vs Line2(ID=207647, Name=LINE_107384_107383, From=107384, To=107383)
2025-08-20 13:06:48,478 - ERROR - 겹침 195 (역방향 연결): Line1(ID=207649, Name=LINE_107385_107386, From=107385, To=107386) vs Line2(ID=207651, Name=LINE_107386_107385, From=107386, To=107385)
2025-08-20 13:06:48,478 - ERROR - 겹침 196 (역방향 연결): Line1(ID=207653, Name=LINE_107387_107388, From=107387, To=107388) vs Line2(ID=207655, Name=LINE_107388_107387, From=107388, To=107387)
2025-08-20 13:06:48,478 - ERROR - 겹침 197 (역방향 연결): Line1(ID=207657, Name=LINE_107389_107390, From=107389, To=107390) vs Line2(ID=207659, Name=LINE_107390_107389, From=107390, To=107389)
2025-08-20 13:06:48,478 - ERROR - 겹침 198 (역방향 연결): Line1(ID=207989, Name=LINE_100001_100003, From=100001, To=100003) vs Line2(ID=207991, Name=LINE_100003_100001, From=100003, To=100001)
2025-08-20 13:06:48,478 - ERROR - 겹침 199 (역방향 연결): Line1(ID=207990, Name=LINE_100002_100005, From=100002, To=100005) vs Line2(ID=207993, Name=LINE_100005_100002, From=100005, To=100002)
2025-08-20 13:06:48,478 - ERROR - 겹침 200 (역방향 연결): Line1(ID=207992, Name=LINE_100004_100007, From=100004, To=100007) vs Line2(ID=207995, Name=LINE_100007_100004, From=100007, To=100004)
2025-08-20 13:06:48,478 - ERROR - 겹침 201 (역방향 연결): Line1(ID=208017, Name=LINE_100049_100238, From=100049, To=100238) vs Line2(ID=208019, Name=LINE_100238_100049, From=100238, To=100049)
2025-08-20 13:06:48,478 - ERROR - 겹침 202 (역방향 연결): Line1(ID=208018, Name=LINE_100237_100425, From=100237, To=100425) vs Line2(ID=208020, Name=LINE_100425_100237, From=100425, To=100237)
2025-08-20 13:06:48,478 - ERROR - 겹침 203 (역방향 연결): Line1(ID=208022, Name=LINE_100614_100803, From=100614, To=100803) vs Line2(ID=208024, Name=LINE_100803_100614, From=100803, To=100614)
2025-08-20 13:06:48,478 - ERROR - 겹침 204 (역방향 연결): Line1(ID=208023, Name=LINE_100615_101845, From=100615, To=101845) vs Line2(ID=208055, Name=LINE_101845_100615, From=101845, To=100615)
2025-08-20 13:06:48,478 - ERROR - 겹침 205 (역방향 연결): Line1(ID=208025, Name=LINE_100804_101879, From=100804, To=101879) vs Line2(ID=208056, Name=LINE_101879_100804, From=101879, To=100804)
2025-08-20 13:06:48,478 - ERROR - 겹침 206 (역방향 연결): Line1(ID=208026, Name=LINE_100991_101181, From=100991, To=101181) vs Line2(ID=208028, Name=LINE_101181_100991, From=101181, To=100991)
2025-08-20 13:06:48,478 - ERROR - 겹침 207 (역방향 연결): Line1(ID=208029, Name=LINE_101182_101371, From=101182, To=101371) vs Line2(ID=208031, Name=LINE_101371_101182, From=101371, To=101182)
2025-08-20 13:06:48,478 - ERROR - 겹침 208 (역방향 연결): Line1(ID=208030, Name=LINE_101370_101560, From=101370, To=101560) vs Line2(ID=208032, Name=LINE_101560_101370, From=101560, To=101370)
2025-08-20 13:06:48,478 - ERROR - 겹침 209 (역방향 연결): Line1(ID=208099, Name=LINE_102930_103111, From=102930, To=103111) vs Line2(ID=208101, Name=LINE_103111_102930, From=103111, To=102930)
2025-08-20 13:06:48,478 - ERROR - 겹침 210 (역방향 연결): Line1(ID=208100, Name=LINE_103110_103293, From=103110, To=103293) vs Line2(ID=208102, Name=LINE_103293_103110, From=103293, To=103110)
2025-08-20 13:06:48,478 - ERROR - 겹침 211 (역방향 연결): Line1(ID=208103, Name=LINE_103679_103861, From=103679, To=103861) vs Line2(ID=208105, Name=LINE_103861_103679, From=103861, To=103679)
2025-08-20 13:06:48,478 - ERROR - 겹침 212 (역방향 연결): Line1(ID=208104, Name=LINE_103860_104042, From=103860, To=104042) vs Line2(ID=208106, Name=LINE_104042_103860, From=104042, To=103860)
2025-08-20 13:06:48,478 - ERROR - 겹침 213 (역방향 연결): Line1(ID=208107, Name=LINE_104428_104609, From=104428, To=104609) vs Line2(ID=208109, Name=LINE_104609_104428, From=104609, To=104428)
2025-08-20 13:06:48,478 - ERROR - 겹침 214 (역방향 연결): Line1(ID=208108, Name=LINE_104608_104790, From=104608, To=104790) vs Line2(ID=208110, Name=LINE_104790_104608, From=104790, To=104608)
2025-08-20 13:06:48,478 - ERROR - 화면 출력 제한으로 인해 209개 겹침 정보는 로그 파일에서 확인 가능
2025-08-20 13:06:48,478 - INFO - 겹치는 Lines 삭제 시작
2025-08-20 13:06:54,056 - INFO - 겹침 발견 및 삭제 대상 추가: Line1(ID=206797, Name=LINE_106959_106960) vs Line2(ID=206799, Name=LINE_106960_106959) - 역방향 연결
2025-08-20 13:06:54,057 - INFO - 겹침 발견 및 삭제 대상 추가: Line1(ID=206800, Name=LINE_106960_106961) vs Line2(ID=206802, Name=LINE_106961_106960) - 역방향 연결
2025-08-20 13:06:54,058 - INFO - 겹침 발견 및 삭제 대상 추가: Line1(ID=206806, Name=LINE_106963_106964) vs Line2(ID=206807, Name=LINE_106964_106963) - 역방향 연결
2025-08-20 13:06:54,058 - INFO - 겹침 발견 및 삭제 대상 추가: Line1(ID=206808, Name=LINE_106964_106965) vs Line2(ID=206809, Name=LINE_106965_106964) - 역방향 연결
2025-08-20 13:06:54,059 - INFO - 겹침 발견 및 삭제 대상 추가: Line1(ID=206810, Name=LINE_106965_106966) vs Line2(ID=206811, Name=LINE_106966_106965) - 역방향 연결
2025-08-20 13:06:54,059 - INFO - 겹침 발견 및 삭제 대상 추가: Line1(ID=206813, Name=LINE_106967_106968) vs Line2(ID=206815, Name=LINE_106968_106967) - 역방향 연결
2025-08-20 13:06:54,060 - INFO - 겹침 발견 및 삭제 대상 추가: Line1(ID=206816, Name=LINE_106968_106969) vs Line2(ID=206818, Name=LINE_106969_106968) - 역방향 연결
2025-08-20 13:06:54,061 - INFO - 겹침 발견 및 삭제 대상 추가: Line1(ID=206822, Name=LINE_106971_106972) vs Line2(ID=206823, Name=LINE_106972_106971) - 역방향 연결
2025-08-20 13:06:54,061 - INFO - 겹침 발견 및 삭제 대상 추가: Line1(ID=206824, Name=LINE_106972_106973) vs Line2(ID=206825, Name=LINE_106973_106972) - 역방향 연결
2025-08-20 13:06:54,061 - INFO - 겹침 발견 및 삭제 대상 추가: Line1(ID=206826, Name=LINE_106973_106974) vs Line2(ID=206827, Name=LINE_106974_106973) - 역방향 연결
2025-08-20 13:06:54,062 - INFO - 겹침 발견 및 삭제 대상 추가: Line1(ID=206829, Name=LINE_106975_106976) vs Line2(ID=206831, Name=LINE_106976_106975) - 역방향 연결
2025-08-20 13:06:54,063 - INFO - 겹침 발견 및 삭제 대상 추가: Line1(ID=206832, Name=LINE_106976_106977) vs Line2(ID=206834, Name=LINE_106977_106976) - 역방향 연결
2025-08-20 13:06:54,064 - INFO - 겹침 발견 및 삭제 대상 추가: Line1(ID=206838, Name=LINE_106979_106980) vs Line2(ID=206839, Name=LINE_106980_106979) - 역방향 연결
2025-08-20 13:06:54,064 - INFO - 겹침 발견 및 삭제 대상 추가: Line1(ID=206840, Name=LINE_106980_106981) vs Line2(ID=206841, Name=LINE_106981_106980) - 역방향 연결
2025-08-20 13:06:54,064 - INFO - 겹침 발견 및 삭제 대상 추가: Line1(ID=206842, Name=LINE_106981_106982) vs Line2(ID=206843, Name=LINE_106982_106981) - 역방향 연결
2025-08-20 13:06:54,065 - INFO - 겹침 발견 및 삭제 대상 추가: Line1(ID=206845, Name=LINE_106983_106984) vs Line2(ID=206847, Name=LINE_106984_106983) - 역방향 연결
2025-08-20 13:06:54,065 - INFO - 겹침 발견 및 삭제 대상 추가: Line1(ID=206848, Name=LINE_106984_106985) vs Line2(ID=206850, Name=LINE_106985_106984) - 역방향 연결
2025-08-20 13:06:54,067 - INFO - 겹침 발견 및 삭제 대상 추가: Line1(ID=206854, Name=LINE_106987_106988) vs Line2(ID=206855, Name=LINE_106988_106987) - 역방향 연결
2025-08-20 13:06:54,067 - INFO - 겹침 발견 및 삭제 대상 추가: Line1(ID=206856, Name=LINE_106988_106989) vs Line2(ID=206857, Name=LINE_106989_106988) - 역방향 연결
2025-08-20 13:06:54,067 - INFO - 겹침 발견 및 삭제 대상 추가: Line1(ID=206858, Name=LINE_106989_106990) vs Line2(ID=206859, Name=LINE_106990_106989) - 역방향 연결
2025-08-20 13:06:54,068 - INFO - 겹침 발견 및 삭제 대상 추가: Line1(ID=206861, Name=LINE_106991_106992) vs Line2(ID=206863, Name=LINE_106992_106991) - 역방향 연결
2025-08-20 13:06:54,068 - INFO - 겹침 발견 및 삭제 대상 추가: Line1(ID=206864, Name=LINE_106992_106993) vs Line2(ID=206866, Name=LINE_106993_106992) - 역방향 연결
2025-08-20 13:06:54,070 - INFO - 겹침 발견 및 삭제 대상 추가: Line1(ID=206872, Name=LINE_106996_106997) vs Line2(ID=206873, Name=LINE_106997_106996) - 역방향 연결
2025-08-20 13:06:54,070 - INFO - 겹침 발견 및 삭제 대상 추가: Line1(ID=206874, Name=LINE_106997_106998) vs Line2(ID=206875, Name=LINE_106998_106997) - 역방향 연결
2025-08-20 13:06:54,071 - INFO - 겹침 발견 및 삭제 대상 추가: Line1(ID=206877, Name=LINE_106999_107000) vs Line2(ID=206879, Name=LINE_107000_106999) - 역방향 연결
2025-08-20 13:06:54,071 - INFO - 겹침 발견 및 삭제 대상 추가: Line1(ID=206880, Name=LINE_107000_107001) vs Line2(ID=206882, Name=LINE_107001_107000) - 역방향 연결
2025-08-20 13:06:54,073 - INFO - 겹침 발견 및 삭제 대상 추가: Line1(ID=206886, Name=LINE_107003_107004) vs Line2(ID=206887, Name=LINE_107004_107003) - 역방향 연결
2025-08-20 13:06:54,073 - INFO - 겹침 발견 및 삭제 대상 추가: Line1(ID=206888, Name=LINE_107004_107005) vs Line2(ID=206889, Name=LINE_107005_107004) - 역방향 연결
2025-08-20 13:06:54,073 - INFO - 겹침 발견 및 삭제 대상 추가: Line1(ID=206890, Name=LINE_107005_107006) vs Line2(ID=206891, Name=LINE_107006_107005) - 역방향 연결
2025-08-20 13:06:54,074 - INFO - 겹침 발견 및 삭제 대상 추가: Line1(ID=206893, Name=LINE_107007_107008) vs Line2(ID=206895, Name=LINE_107008_107007) - 역방향 연결
2025-08-20 13:06:54,074 - INFO - 겹침 발견 및 삭제 대상 추가: Line1(ID=206896, Name=LINE_107008_107009) vs Line2(ID=206898, Name=LINE_107009_107008) - 역방향 연결
2025-08-20 13:06:54,075 - INFO - 겹침 발견 및 삭제 대상 추가: Line1(ID=206902, Name=LINE_107011_107012) vs Line2(ID=206903, Name=LINE_107012_107011) - 역방향 연결
2025-08-20 13:06:54,076 - INFO - 겹침 발견 및 삭제 대상 추가: Line1(ID=206904, Name=LINE_107012_107013) vs Line2(ID=206905, Name=LINE_107013_107012) - 역방향 연결
2025-08-20 13:06:54,076 - INFO - 겹침 발견 및 삭제 대상 추가: Line1(ID=206906, Name=LINE_107013_107014) vs Line2(ID=206907, Name=LINE_107014_107013) - 역방향 연결
2025-08-20 13:06:54,076 - INFO - 겹침 발견 및 삭제 대상 추가: Line1(ID=206909, Name=LINE_107015_107016) vs Line2(ID=206911, Name=LINE_107016_107015) - 역방향 연결
2025-08-20 13:06:54,077 - INFO - 겹침 발견 및 삭제 대상 추가: Line1(ID=206912, Name=LINE_107016_107017) vs Line2(ID=206914, Name=LINE_107017_107016) - 역방향 연결
2025-08-20 13:06:54,079 - INFO - 겹침 발견 및 삭제 대상 추가: Line1(ID=206920, Name=LINE_107020_107021) vs Line2(ID=206921, Name=LINE_107021_107020) - 역방향 연결
2025-08-20 13:06:54,079 - INFO - 겹침 발견 및 삭제 대상 추가: Line1(ID=206922, Name=LINE_107021_107022) vs Line2(ID=206923, Name=LINE_107022_107021) - 역방향 연결
2025-08-20 13:06:54,079 - INFO - 겹침 발견 및 삭제 대상 추가: Line1(ID=206925, Name=LINE_107023_107024) vs Line2(ID=206927, Name=LINE_107024_107023) - 역방향 연결
2025-08-20 13:06:54,080 - INFO - 겹침 발견 및 삭제 대상 추가: Line1(ID=206928, Name=LINE_107024_107025) vs Line2(ID=206930, Name=LINE_107025_107024) - 역방향 연결
2025-08-20 13:06:54,081 - INFO - 겹침 발견 및 삭제 대상 추가: Line1(ID=206934, Name=LINE_107027_107028) vs Line2(ID=206935, Name=LINE_107028_107027) - 역방향 연결
2025-08-20 13:06:54,081 - INFO - 겹침 발견 및 삭제 대상 추가: Line1(ID=206936, Name=LINE_107028_107029) vs Line2(ID=206937, Name=LINE_107029_107028) - 역방향 연결
2025-08-20 13:06:54,082 - INFO - 겹침 발견 및 삭제 대상 추가: Line1(ID=206938, Name=LINE_107029_107030) vs Line2(ID=206939, Name=LINE_107030_107029) - 역방향 연결
2025-08-20 13:06:54,082 - INFO - 겹침 발견 및 삭제 대상 추가: Line1(ID=206941, Name=LINE_107031_107032) vs Line2(ID=206943, Name=LINE_107032_107031) - 역방향 연결
2025-08-20 13:06:54,082 - INFO - 겹침 발견 및 삭제 대상 추가: Line1(ID=206944, Name=LINE_107032_107033) vs Line2(ID=206946, Name=LINE_107033_107032) - 역방향 연결
2025-08-20 13:06:54,084 - INFO - 겹침 발견 및 삭제 대상 추가: Line1(ID=206950, Name=LINE_107035_107036) vs Line2(ID=206951, Name=LINE_107036_107035) - 역방향 연결
2025-08-20 13:06:54,084 - INFO - 겹침 발견 및 삭제 대상 추가: Line1(ID=206952, Name=LINE_107036_107037) vs Line2(ID=206953, Name=LINE_107037_107036) - 역방향 연결
2025-08-20 13:06:54,084 - INFO - 겹침 발견 및 삭제 대상 추가: Line1(ID=206954, Name=LINE_107037_107038) vs Line2(ID=206955, Name=LINE_107038_107037) - 역방향 연결
2025-08-20 13:06:54,085 - INFO - 겹침 발견 및 삭제 대상 추가: Line1(ID=206957, Name=LINE_107039_107040) vs Line2(ID=206959, Name=LINE_107040_107039) - 역방향 연결
2025-08-20 13:06:54,085 - INFO - 겹침 발견 및 삭제 대상 추가: Line1(ID=206960, Name=LINE_107040_107041) vs Line2(ID=206962, Name=LINE_107041_107040) - 역방향 연결
2025-08-20 13:06:54,086 - INFO - 겹침 발견 및 삭제 대상 추가: Line1(ID=206966, Name=LINE_107043_107044) vs Line2(ID=206967, Name=LINE_107044_107043) - 역방향 연결
2025-08-20 13:06:54,086 - INFO - 겹침 발견 및 삭제 대상 추가: Line1(ID=206968, Name=LINE_107044_107045) vs Line2(ID=206969, Name=LINE_107045_107044) - 역방향 연결
2025-08-20 13:06:54,087 - INFO - 겹침 발견 및 삭제 대상 추가: Line1(ID=206970, Name=LINE_107045_107046) vs Line2(ID=206971, Name=LINE_107046_107045) - 역방향 연결
2025-08-20 13:06:54,087 - INFO - 겹침 발견 및 삭제 대상 추가: Line1(ID=206973, Name=LINE_107047_107048) vs Line2(ID=206975, Name=LINE_107048_107047) - 역방향 연결
2025-08-20 13:06:54,088 - INFO - 겹침 발견 및 삭제 대상 추가: Line1(ID=206976, Name=LINE_107048_107049) vs Line2(ID=206978, Name=LINE_107049_107048) - 역방향 연결
2025-08-20 13:06:54,089 - INFO - 겹침 발견 및 삭제 대상 추가: Line1(ID=206982, Name=LINE_107051_107052) vs Line2(ID=206983, Name=LINE_107052_107051) - 역방향 연결
2025-08-20 13:06:54,089 - INFO - 겹침 발견 및 삭제 대상 추가: Line1(ID=206984, Name=LINE_107052_107053) vs Line2(ID=206985, Name=LINE_107053_107052) - 역방향 연결
2025-08-20 13:06:54,089 - INFO - 겹침 발견 및 삭제 대상 추가: Line1(ID=206986, Name=LINE_107053_107054) vs Line2(ID=206987, Name=LINE_107054_107053) - 역방향 연결
2025-08-20 13:06:54,090 - INFO - 겹침 발견 및 삭제 대상 추가: Line1(ID=206989, Name=LINE_107055_107056) vs Line2(ID=206991, Name=LINE_107056_107055) - 역방향 연결
2025-08-20 13:06:54,090 - INFO - 겹침 발견 및 삭제 대상 추가: Line1(ID=206992, Name=LINE_107056_107057) vs Line2(ID=206994, Name=LINE_107057_107056) - 역방향 연결
2025-08-20 13:06:54,091 - INFO - 겹침 발견 및 삭제 대상 추가: Line1(ID=206998, Name=LINE_107059_107060) vs Line2(ID=206999, Name=LINE_107060_107059) - 역방향 연결
2025-08-20 13:06:54,092 - INFO - 겹침 발견 및 삭제 대상 추가: Line1(ID=207000, Name=LINE_107060_107061) vs Line2(ID=207001, Name=LINE_107061_107060) - 역방향 연결
2025-08-20 13:06:54,092 - INFO - 겹침 발견 및 삭제 대상 추가: Line1(ID=207002, Name=LINE_107061_107062) vs Line2(ID=207003, Name=LINE_107062_107061) - 역방향 연결
2025-08-20 13:06:54,092 - INFO - 겹침 발견 및 삭제 대상 추가: Line1(ID=207005, Name=LINE_107063_107064) vs Line2(ID=207007, Name=LINE_107064_107063) - 역방향 연결
2025-08-20 13:06:54,093 - INFO - 겹침 발견 및 삭제 대상 추가: Line1(ID=207008, Name=LINE_107064_107065) vs Line2(ID=207010, Name=LINE_107065_107064) - 역방향 연결
2025-08-20 13:06:54,094 - INFO - 겹침 발견 및 삭제 대상 추가: Line1(ID=207014, Name=LINE_107067_107068) vs Line2(ID=207015, Name=LINE_107068_107067) - 역방향 연결
2025-08-20 13:06:54,094 - INFO - 겹침 발견 및 삭제 대상 추가: Line1(ID=207016, Name=LINE_107068_107069) vs Line2(ID=207017, Name=LINE_107069_107068) - 역방향 연결
2025-08-20 13:06:54,094 - INFO - 겹침 발견 및 삭제 대상 추가: Line1(ID=207018, Name=LINE_107069_107070) vs Line2(ID=207019, Name=LINE_107070_107069) - 역방향 연결
2025-08-20 13:06:54,095 - INFO - 겹침 발견 및 삭제 대상 추가: Line1(ID=207021, Name=LINE_107071_107072) vs Line2(ID=207023, Name=LINE_107072_107071) - 역방향 연결
2025-08-20 13:06:54,095 - INFO - 겹침 발견 및 삭제 대상 추가: Line1(ID=207024, Name=LINE_107072_107073) vs Line2(ID=207026, Name=LINE_107073_107072) - 역방향 연결
2025-08-20 13:06:54,097 - INFO - 겹침 발견 및 삭제 대상 추가: Line1(ID=207030, Name=LINE_107075_107076) vs Line2(ID=207032, Name=LINE_107076_107075) - 역방향 연결
2025-08-20 13:06:54,097 - INFO - 겹침 발견 및 삭제 대상 추가: Line1(ID=207034, Name=LINE_107077_107078) vs Line2(ID=207035, Name=LINE_107078_107077) - 역방향 연결
2025-08-20 13:06:54,098 - INFO - 겹침 발견 및 삭제 대상 추가: Line1(ID=207037, Name=LINE_107079_107080) vs Line2(ID=207039, Name=LINE_107080_107079) - 역방향 연결
2025-08-20 13:06:54,098 - INFO - 겹침 발견 및 삭제 대상 추가: Line1(ID=207040, Name=LINE_107080_107081) vs Line2(ID=207042, Name=LINE_107081_107080) - 역방향 연결
2025-08-20 13:06:54,099 - INFO - 겹침 발견 및 삭제 대상 추가: Line1(ID=207046, Name=LINE_107083_107084) vs Line2(ID=207047, Name=LINE_107084_107083) - 역방향 연결
2025-08-20 13:06:54,100 - INFO - 겹침 발견 및 삭제 대상 추가: Line1(ID=207048, Name=LINE_107084_107085) vs Line2(ID=207049, Name=LINE_107085_107084) - 역방향 연결
2025-08-20 13:06:54,100 - INFO - 겹침 발견 및 삭제 대상 추가: Line1(ID=207050, Name=LINE_107085_107086) vs Line2(ID=207051, Name=LINE_107086_107085) - 역방향 연결
2025-08-20 13:06:54,100 - INFO - 겹침 발견 및 삭제 대상 추가: Line1(ID=207053, Name=LINE_107087_107088) vs Line2(ID=207055, Name=LINE_107088_107087) - 역방향 연결
2025-08-20 13:06:54,101 - INFO - 겹침 발견 및 삭제 대상 추가: Line1(ID=207056, Name=LINE_107088_107089) vs Line2(ID=207058, Name=LINE_107089_107088) - 역방향 연결
2025-08-20 13:06:54,102 - INFO - 겹침 발견 및 삭제 대상 추가: Line1(ID=207062, Name=LINE_107091_107092) vs Line2(ID=207063, Name=LINE_107092_107091) - 역방향 연결
2025-08-20 13:06:54,102 - INFO - 겹침 발견 및 삭제 대상 추가: Line1(ID=207064, Name=LINE_107092_107093) vs Line2(ID=207065, Name=LINE_107093_107092) - 역방향 연결
2025-08-20 13:06:54,102 - INFO - 겹침 발견 및 삭제 대상 추가: Line1(ID=207066, Name=LINE_107093_107094) vs Line2(ID=207067, Name=LINE_107094_107093) - 역방향 연결
2025-08-20 13:06:54,103 - INFO - 겹침 발견 및 삭제 대상 추가: Line1(ID=207069, Name=LINE_107095_107096) vs Line2(ID=207071, Name=LINE_107096_107095) - 역방향 연결
2025-08-20 13:06:54,103 - INFO - 겹침 발견 및 삭제 대상 추가: Line1(ID=207072, Name=LINE_107096_107097) vs Line2(ID=207074, Name=LINE_107097_107096) - 역방향 연결
2025-08-20 13:06:54,104 - INFO - 겹침 발견 및 삭제 대상 추가: Line1(ID=207078, Name=LINE_107099_107100) vs Line2(ID=207079, Name=LINE_107100_107099) - 역방향 연결
2025-08-20 13:06:54,104 - INFO - 겹침 발견 및 삭제 대상 추가: Line1(ID=207080, Name=LINE_107100_107101) vs Line2(ID=207081, Name=LINE_107101_107100) - 역방향 연결
2025-08-20 13:06:54,105 - INFO - 겹침 발견 및 삭제 대상 추가: Line1(ID=207082, Name=LINE_107101_107102) vs Line2(ID=207083, Name=LINE_107102_107101) - 역방향 연결
2025-08-20 13:06:54,105 - INFO - 겹침 발견 및 삭제 대상 추가: Line1(ID=207085, Name=LINE_107103_107104) vs Line2(ID=207087, Name=LINE_107104_107103) - 역방향 연결
2025-08-20 13:06:54,105 - INFO - 겹침 발견 및 삭제 대상 추가: Line1(ID=207088, Name=LINE_107104_107105) vs Line2(ID=207090, Name=LINE_107105_107104) - 역방향 연결
2025-08-20 13:06:54,106 - INFO - 겹침 발견 및 삭제 대상 추가: Line1(ID=207094, Name=LINE_107107_107108) vs Line2(ID=207095, Name=LINE_107108_107107) - 역방향 연결
2025-08-20 13:06:54,107 - INFO - 겹침 발견 및 삭제 대상 추가: Line1(ID=207096, Name=LINE_107108_107109) vs Line2(ID=207097, Name=LINE_107109_107108) - 역방향 연결
2025-08-20 13:06:54,107 - INFO - 겹침 발견 및 삭제 대상 추가: Line1(ID=207098, Name=LINE_107109_107110) vs Line2(ID=207099, Name=LINE_107110_107109) - 역방향 연결
2025-08-20 13:06:54,107 - INFO - 겹침 발견 및 삭제 대상 추가: Line1(ID=207101, Name=LINE_107111_107112) vs Line2(ID=207103, Name=LINE_107112_107111) - 역방향 연결
2025-08-20 13:06:54,108 - INFO - 겹침 발견 및 삭제 대상 추가: Line1(ID=207104, Name=LINE_107112_107113) vs Line2(ID=207106, Name=LINE_107113_107112) - 역방향 연결
2025-08-20 13:06:54,109 - INFO - 겹침 발견 및 삭제 대상 추가: Line1(ID=207110, Name=LINE_107115_107116) vs Line2(ID=207111, Name=LINE_107116_107115) - 역방향 연결
2025-08-20 13:06:54,109 - INFO - 겹침 발견 및 삭제 대상 추가: Line1(ID=207112, Name=LINE_107116_107117) vs Line2(ID=207113, Name=LINE_107117_107116) - 역방향 연결
2025-08-20 13:06:54,109 - INFO - 겹침 발견 및 삭제 대상 추가: Line1(ID=207114, Name=LINE_107117_107118) vs Line2(ID=207115, Name=LINE_107118_107117) - 역방향 연결
2025-08-20 13:06:54,136 - INFO - 겹침 발견 및 삭제 대상 추가: Line1(ID=207261, Name=LINE_107191_107195) vs Line2(ID=207269, Name=LINE_107195_107191) - 역방향 연결
2025-08-20 13:06:54,136 - INFO - 겹침 발견 및 삭제 대상 추가: Line1(ID=207263, Name=LINE_107192_107196) vs Line2(ID=207271, Name=LINE_107196_107192) - 역방향 연결
2025-08-20 13:06:54,137 - INFO - 겹침 발견 및 삭제 대상 추가: Line1(ID=207265, Name=LINE_107193_107197) vs Line2(ID=207273, Name=LINE_107197_107193) - 역방향 연결
2025-08-20 13:06:54,137 - INFO - 겹침 발견 및 삭제 대상 추가: Line1(ID=207267, Name=LINE_107194_107198) vs Line2(ID=207275, Name=LINE_107198_107194) - 역방향 연결
2025-08-20 13:06:54,138 - INFO - 겹침 발견 및 삭제 대상 추가: Line1(ID=207277, Name=LINE_107199_107203) vs Line2(ID=207285, Name=LINE_107203_107199) - 역방향 연결
2025-08-20 13:06:54,138 - INFO - 겹침 발견 및 삭제 대상 추가: Line1(ID=207279, Name=LINE_107200_107204) vs Line2(ID=207287, Name=LINE_107204_107200) - 역방향 연결
2025-08-20 13:06:54,139 - INFO - 겹침 발견 및 삭제 대상 추가: Line1(ID=207281, Name=LINE_107201_107205) vs Line2(ID=207289, Name=LINE_107205_107201) - 역방향 연결
2025-08-20 13:06:54,139 - INFO - 겹침 발견 및 삭제 대상 추가: Line1(ID=207283, Name=LINE_107202_107206) vs Line2(ID=207291, Name=LINE_107206_107202) - 역방향 연결
2025-08-20 13:06:54,140 - INFO - 겹침 발견 및 삭제 대상 추가: Line1(ID=207293, Name=LINE_107207_107211) vs Line2(ID=207301, Name=LINE_107211_107207) - 역방향 연결
2025-08-20 13:06:54,141 - INFO - 겹침 발견 및 삭제 대상 추가: Line1(ID=207295, Name=LINE_107208_107212) vs Line2(ID=207303, Name=LINE_107212_107208) - 역방향 연결
2025-08-20 13:06:54,141 - INFO - 겹침 발견 및 삭제 대상 추가: Line1(ID=207297, Name=LINE_107209_107213) vs Line2(ID=207305, Name=LINE_107213_107209) - 역방향 연결
2025-08-20 13:06:54,141 - INFO - 겹침 발견 및 삭제 대상 추가: Line1(ID=207299, Name=LINE_107210_107214) vs Line2(ID=207307, Name=LINE_107214_107210) - 역방향 연결
2025-08-20 13:06:54,142 - INFO - 겹침 발견 및 삭제 대상 추가: Line1(ID=207309, Name=LINE_107215_107219) vs Line2(ID=207317, Name=LINE_107219_107215) - 역방향 연결
2025-08-20 13:06:54,143 - INFO - 겹침 발견 및 삭제 대상 추가: Line1(ID=207311, Name=LINE_107216_107220) vs Line2(ID=207319, Name=LINE_107220_107216) - 역방향 연결
2025-08-20 13:06:54,143 - INFO - 겹침 발견 및 삭제 대상 추가: Line1(ID=207313, Name=LINE_107217_107221) vs Line2(ID=207321, Name=LINE_107221_107217) - 역방향 연결
2025-08-20 13:06:54,143 - INFO - 겹침 발견 및 삭제 대상 추가: Line1(ID=207315, Name=LINE_107218_107222) vs Line2(ID=207323, Name=LINE_107222_107218) - 역방향 연결
2025-08-20 13:06:54,144 - INFO - 겹침 발견 및 삭제 대상 추가: Line1(ID=207325, Name=LINE_107223_107227) vs Line2(ID=207333, Name=LINE_107227_107223) - 역방향 연결
2025-08-20 13:06:54,145 - INFO - 겹침 발견 및 삭제 대상 추가: Line1(ID=207327, Name=LINE_107224_107228) vs Line2(ID=207335, Name=LINE_107228_107224) - 역방향 연결
2025-08-20 13:06:54,145 - INFO - 겹침 발견 및 삭제 대상 추가: Line1(ID=207329, Name=LINE_107225_107229) vs Line2(ID=207337, Name=LINE_107229_107225) - 역방향 연결
2025-08-20 13:06:54,145 - INFO - 겹침 발견 및 삭제 대상 추가: Line1(ID=207331, Name=LINE_107226_107230) vs Line2(ID=207339, Name=LINE_107230_107226) - 역방향 연결
2025-08-20 13:06:54,146 - INFO - 겹침 발견 및 삭제 대상 추가: Line1(ID=207341, Name=LINE_107231_107235) vs Line2(ID=207349, Name=LINE_107235_107231) - 역방향 연결
2025-08-20 13:06:54,147 - INFO - 겹침 발견 및 삭제 대상 추가: Line1(ID=207343, Name=LINE_107232_107236) vs Line2(ID=207351, Name=LINE_107236_107232) - 역방향 연결
2025-08-20 13:06:54,147 - INFO - 겹침 발견 및 삭제 대상 추가: Line1(ID=207345, Name=LINE_107233_107237) vs Line2(ID=207353, Name=LINE_107237_107233) - 역방향 연결
2025-08-20 13:06:54,147 - INFO - 겹침 발견 및 삭제 대상 추가: Line1(ID=207347, Name=LINE_107234_107238) vs Line2(ID=207355, Name=LINE_107238_107234) - 역방향 연결
2025-08-20 13:06:54,149 - INFO - 겹침 발견 및 삭제 대상 추가: Line1(ID=207357, Name=LINE_107239_107243) vs Line2(ID=207365, Name=LINE_107243_107239) - 역방향 연결
2025-08-20 13:06:54,149 - INFO - 겹침 발견 및 삭제 대상 추가: Line1(ID=207359, Name=LINE_107240_107244) vs Line2(ID=207367, Name=LINE_107244_107240) - 역방향 연결
2025-08-20 13:06:54,149 - INFO - 겹침 발견 및 삭제 대상 추가: Line1(ID=207361, Name=LINE_107241_107245) vs Line2(ID=207369, Name=LINE_107245_107241) - 역방향 연결
2025-08-20 13:06:54,150 - INFO - 겹침 발견 및 삭제 대상 추가: Line1(ID=207363, Name=LINE_107242_107246) vs Line2(ID=207371, Name=LINE_107246_107242) - 역방향 연결
2025-08-20 13:06:54,151 - INFO - 겹침 발견 및 삭제 대상 추가: Line1(ID=207373, Name=LINE_107247_107251) vs Line2(ID=207381, Name=LINE_107251_107247) - 역방향 연결
2025-08-20 13:06:54,151 - INFO - 겹침 발견 및 삭제 대상 추가: Line1(ID=207375, Name=LINE_107248_107252) vs Line2(ID=207383, Name=LINE_107252_107248) - 역방향 연결
2025-08-20 13:06:54,151 - INFO - 겹침 발견 및 삭제 대상 추가: Line1(ID=207377, Name=LINE_107249_107253) vs Line2(ID=207385, Name=LINE_107253_107249) - 역방향 연결
2025-08-20 13:06:54,152 - INFO - 겹침 발견 및 삭제 대상 추가: Line1(ID=207379, Name=LINE_107250_107254) vs Line2(ID=207387, Name=LINE_107254_107250) - 역방향 연결
2025-08-20 13:06:54,153 - INFO - 겹침 발견 및 삭제 대상 추가: Line1(ID=207389, Name=LINE_107255_107259) vs Line2(ID=207397, Name=LINE_107259_107255) - 역방향 연결
2025-08-20 13:06:54,153 - INFO - 겹침 발견 및 삭제 대상 추가: Line1(ID=207391, Name=LINE_107256_107260) vs Line2(ID=207399, Name=LINE_107260_107256) - 역방향 연결
2025-08-20 13:06:54,154 - INFO - 겹침 발견 및 삭제 대상 추가: Line1(ID=207393, Name=LINE_107257_107261) vs Line2(ID=207401, Name=LINE_107261_107257) - 역방향 연결
2025-08-20 13:06:54,154 - INFO - 겹침 발견 및 삭제 대상 추가: Line1(ID=207395, Name=LINE_107258_107262) vs Line2(ID=207403, Name=LINE_107262_107258) - 역방향 연결
2025-08-20 13:06:54,155 - INFO - 겹침 발견 및 삭제 대상 추가: Line1(ID=207405, Name=LINE_107263_107267) vs Line2(ID=207413, Name=LINE_107267_107263) - 역방향 연결
2025-08-20 13:06:54,155 - INFO - 겹침 발견 및 삭제 대상 추가: Line1(ID=207407, Name=LINE_107264_107268) vs Line2(ID=207415, Name=LINE_107268_107264) - 역방향 연결
2025-08-20 13:06:54,156 - INFO - 겹침 발견 및 삭제 대상 추가: Line1(ID=207409, Name=LINE_107265_107269) vs Line2(ID=207417, Name=LINE_107269_107265) - 역방향 연결
2025-08-20 13:06:54,156 - INFO - 겹침 발견 및 삭제 대상 추가: Line1(ID=207411, Name=LINE_107266_107270) vs Line2(ID=207419, Name=LINE_107270_107266) - 역방향 연결
2025-08-20 13:06:54,157 - INFO - 겹침 발견 및 삭제 대상 추가: Line1(ID=207421, Name=LINE_107271_107275) vs Line2(ID=207429, Name=LINE_107275_107271) - 역방향 연결
2025-08-20 13:06:54,157 - INFO - 겹침 발견 및 삭제 대상 추가: Line1(ID=207423, Name=LINE_107272_107276) vs Line2(ID=207431, Name=LINE_107276_107272) - 역방향 연결
2025-08-20 13:06:54,158 - INFO - 겹침 발견 및 삭제 대상 추가: Line1(ID=207425, Name=LINE_107273_107277) vs Line2(ID=207433, Name=LINE_107277_107273) - 역방향 연결
2025-08-20 13:06:54,158 - INFO - 겹침 발견 및 삭제 대상 추가: Line1(ID=207427, Name=LINE_107274_107278) vs Line2(ID=207435, Name=LINE_107278_107274) - 역방향 연결
2025-08-20 13:06:54,159 - INFO - 겹침 발견 및 삭제 대상 추가: Line1(ID=207437, Name=LINE_107279_107283) vs Line2(ID=207445, Name=LINE_107283_107279) - 역방향 연결
2025-08-20 13:06:54,159 - INFO - 겹침 발견 및 삭제 대상 추가: Line1(ID=207439, Name=LINE_107280_107284) vs Line2(ID=207447, Name=LINE_107284_107280) - 역방향 연결
2025-08-20 13:06:54,160 - INFO - 겹침 발견 및 삭제 대상 추가: Line1(ID=207441, Name=LINE_107281_107285) vs Line2(ID=207449, Name=LINE_107285_107281) - 역방향 연결
2025-08-20 13:06:54,160 - INFO - 겹침 발견 및 삭제 대상 추가: Line1(ID=207443, Name=LINE_107282_107286) vs Line2(ID=207451, Name=LINE_107286_107282) - 역방향 연결
2025-08-20 13:06:54,161 - INFO - 겹침 발견 및 삭제 대상 추가: Line1(ID=207453, Name=LINE_107287_107291) vs Line2(ID=207461, Name=LINE_107291_107287) - 역방향 연결
2025-08-20 13:06:54,161 - INFO - 겹침 발견 및 삭제 대상 추가: Line1(ID=207455, Name=LINE_107288_107292) vs Line2(ID=207463, Name=LINE_107292_107288) - 역방향 연결
2025-08-20 13:06:54,161 - INFO - 겹침 발견 및 삭제 대상 추가: Line1(ID=207457, Name=LINE_107289_107293) vs Line2(ID=207465, Name=LINE_107293_107289) - 역방향 연결
2025-08-20 13:06:54,162 - INFO - 겹침 발견 및 삭제 대상 추가: Line1(ID=207459, Name=LINE_107290_107294) vs Line2(ID=207467, Name=LINE_107294_107290) - 역방향 연결
2025-08-20 13:06:54,163 - INFO - 겹침 발견 및 삭제 대상 추가: Line1(ID=207469, Name=LINE_107295_107299) vs Line2(ID=207477, Name=LINE_107299_107295) - 역방향 연결
2025-08-20 13:06:54,163 - INFO - 겹침 발견 및 삭제 대상 추가: Line1(ID=207471, Name=LINE_107296_107300) vs Line2(ID=207479, Name=LINE_107300_107296) - 역방향 연결
2025-08-20 13:06:54,163 - INFO - 겹침 발견 및 삭제 대상 추가: Line1(ID=207473, Name=LINE_107297_107301) vs Line2(ID=207481, Name=LINE_107301_107297) - 역방향 연결
2025-08-20 13:06:54,164 - INFO - 겹침 발견 및 삭제 대상 추가: Line1(ID=207475, Name=LINE_107298_107302) vs Line2(ID=207483, Name=LINE_107302_107298) - 역방향 연결
2025-08-20 13:06:54,165 - INFO - 겹침 발견 및 삭제 대상 추가: Line1(ID=207485, Name=LINE_107303_107307) vs Line2(ID=207493, Name=LINE_107307_107303) - 역방향 연결
2025-08-20 13:06:54,165 - INFO - 겹침 발견 및 삭제 대상 추가: Line1(ID=207487, Name=LINE_107304_107308) vs Line2(ID=207495, Name=LINE_107308_107304) - 역방향 연결
2025-08-20 13:06:54,165 - INFO - 겹침 발견 및 삭제 대상 추가: Line1(ID=207489, Name=LINE_107305_107309) vs Line2(ID=207497, Name=LINE_107309_107305) - 역방향 연결
2025-08-20 13:06:54,165 - INFO - 겹침 발견 및 삭제 대상 추가: Line1(ID=207491, Name=LINE_107306_107310) vs Line2(ID=207499, Name=LINE_107310_107306) - 역방향 연결
2025-08-20 13:06:54,166 - INFO - 겹침 발견 및 삭제 대상 추가: Line1(ID=207501, Name=LINE_107311_107315) vs Line2(ID=207509, Name=LINE_107315_107311) - 역방향 연결
2025-08-20 13:06:54,167 - INFO - 겹침 발견 및 삭제 대상 추가: Line1(ID=207503, Name=LINE_107312_107316) vs Line2(ID=207511, Name=LINE_107316_107312) - 역방향 연결
2025-08-20 13:06:54,167 - INFO - 겹침 발견 및 삭제 대상 추가: Line1(ID=207505, Name=LINE_107313_107317) vs Line2(ID=207513, Name=LINE_107317_107313) - 역방향 연결
2025-08-20 13:06:54,167 - INFO - 겹침 발견 및 삭제 대상 추가: Line1(ID=207507, Name=LINE_107314_107318) vs Line2(ID=207515, Name=LINE_107318_107314) - 역방향 연결
2025-08-20 13:06:54,168 - INFO - 겹침 발견 및 삭제 대상 추가: Line1(ID=207517, Name=LINE_107319_107323) vs Line2(ID=207525, Name=LINE_107323_107319) - 역방향 연결
2025-08-20 13:06:54,168 - INFO - 겹침 발견 및 삭제 대상 추가: Line1(ID=207519, Name=LINE_107320_107324) vs Line2(ID=207527, Name=LINE_107324_107320) - 역방향 연결
2025-08-20 13:06:54,169 - INFO - 겹침 발견 및 삭제 대상 추가: Line1(ID=207521, Name=LINE_107321_107325) vs Line2(ID=207529, Name=LINE_107325_107321) - 역방향 연결
2025-08-20 13:06:54,169 - INFO - 겹침 발견 및 삭제 대상 추가: Line1(ID=207523, Name=LINE_107322_107326) vs Line2(ID=207531, Name=LINE_107326_107322) - 역방향 연결
2025-08-20 13:06:54,170 - INFO - 겹침 발견 및 삭제 대상 추가: Line1(ID=207533, Name=LINE_107327_107331) vs Line2(ID=207541, Name=LINE_107331_107327) - 역방향 연결
2025-08-20 13:06:54,170 - INFO - 겹침 발견 및 삭제 대상 추가: Line1(ID=207535, Name=LINE_107328_107332) vs Line2(ID=207543, Name=LINE_107332_107328) - 역방향 연결
2025-08-20 13:06:54,170 - INFO - 겹침 발견 및 삭제 대상 추가: Line1(ID=207537, Name=LINE_107329_107333) vs Line2(ID=207545, Name=LINE_107333_107329) - 역방향 연결
2025-08-20 13:06:54,171 - INFO - 겹침 발견 및 삭제 대상 추가: Line1(ID=207539, Name=LINE_107330_107334) vs Line2(ID=207547, Name=LINE_107334_107330) - 역방향 연결
2025-08-20 13:06:54,171 - INFO - 겹침 발견 및 삭제 대상 추가: Line1(ID=207549, Name=LINE_107335_107339) vs Line2(ID=207557, Name=LINE_107339_107335) - 역방향 연결
2025-08-20 13:06:54,172 - INFO - 겹침 발견 및 삭제 대상 추가: Line1(ID=207551, Name=LINE_107336_107340) vs Line2(ID=207559, Name=LINE_107340_107336) - 역방향 연결
2025-08-20 13:06:54,172 - INFO - 겹침 발견 및 삭제 대상 추가: Line1(ID=207553, Name=LINE_107337_107341) vs Line2(ID=207561, Name=LINE_107341_107337) - 역방향 연결
2025-08-20 13:06:54,172 - INFO - 겹침 발견 및 삭제 대상 추가: Line1(ID=207555, Name=LINE_107338_107342) vs Line2(ID=207563, Name=LINE_107342_107338) - 역방향 연결
2025-08-20 13:06:54,173 - INFO - 겹침 발견 및 삭제 대상 추가: Line1(ID=207565, Name=LINE_107343_107347) vs Line2(ID=207573, Name=LINE_107347_107343) - 역방향 연결
2025-08-20 13:06:54,173 - INFO - 겹침 발견 및 삭제 대상 추가: Line1(ID=207567, Name=LINE_107344_107348) vs Line2(ID=207575, Name=LINE_107348_107344) - 역방향 연결
2025-08-20 13:06:54,174 - INFO - 겹침 발견 및 삭제 대상 추가: Line1(ID=207569, Name=LINE_107345_107349) vs Line2(ID=207577, Name=LINE_107349_107345) - 역방향 연결
2025-08-20 13:06:54,174 - INFO - 겹침 발견 및 삭제 대상 추가: Line1(ID=207571, Name=LINE_107346_107350) vs Line2(ID=207579, Name=LINE_107350_107346) - 역방향 연결
2025-08-20 13:06:54,175 - INFO - 겹침 발견 및 삭제 대상 추가: Line1(ID=207581, Name=LINE_107351_107355) vs Line2(ID=207589, Name=LINE_107355_107351) - 역방향 연결
2025-08-20 13:06:54,175 - INFO - 겹침 발견 및 삭제 대상 추가: Line1(ID=207583, Name=LINE_107352_107356) vs Line2(ID=207591, Name=LINE_107356_107352) - 역방향 연결
2025-08-20 13:06:54,175 - INFO - 겹침 발견 및 삭제 대상 추가: Line1(ID=207585, Name=LINE_107353_107357) vs Line2(ID=207593, Name=LINE_107357_107353) - 역방향 연결
2025-08-20 13:06:54,176 - INFO - 겹침 발견 및 삭제 대상 추가: Line1(ID=207587, Name=LINE_107354_107358) vs Line2(ID=207595, Name=LINE_107358_107354) - 역방향 연결
2025-08-20 13:06:54,176 - INFO - 겹침 발견 및 삭제 대상 추가: Line1(ID=207597, Name=LINE_107359_107363) vs Line2(ID=207605, Name=LINE_107363_107359) - 역방향 연결
2025-08-20 13:06:54,177 - INFO - 겹침 발견 및 삭제 대상 추가: Line1(ID=207599, Name=LINE_107360_107364) vs Line2(ID=207607, Name=LINE_107364_107360) - 역방향 연결
2025-08-20 13:06:54,177 - INFO - 겹침 발견 및 삭제 대상 추가: Line1(ID=207601, Name=LINE_107361_107365) vs Line2(ID=207609, Name=LINE_107365_107361) - 역방향 연결
2025-08-20 13:06:54,177 - INFO - 겹침 발견 및 삭제 대상 추가: Line1(ID=207603, Name=LINE_107362_107366) vs Line2(ID=207611, Name=LINE_107366_107362) - 역방향 연결
2025-08-20 13:06:54,178 - INFO - 겹침 발견 및 삭제 대상 추가: Line1(ID=207613, Name=LINE_107367_107368) vs Line2(ID=207615, Name=LINE_107368_107367) - 역방향 연결
2025-08-20 13:06:54,178 - INFO - 겹침 발견 및 삭제 대상 추가: Line1(ID=207617, Name=LINE_107369_107370) vs Line2(ID=207619, Name=LINE_107370_107369) - 역방향 연결
2025-08-20 13:06:54,179 - INFO - 겹침 발견 및 삭제 대상 추가: Line1(ID=207621, Name=LINE_107371_107372) vs Line2(ID=207624, Name=LINE_107372_107371) - 역방향 연결
2025-08-20 13:06:54,179 - INFO - 겹침 발견 및 삭제 대상 추가: Line1(ID=207625, Name=LINE_107373_107374) vs Line2(ID=207627, Name=LINE_107374_107373) - 역방향 연결
2025-08-20 13:06:54,180 - INFO - 겹침 발견 및 삭제 대상 추가: Line1(ID=207629, Name=LINE_107375_107376) vs Line2(ID=207631, Name=LINE_107376_107375) - 역방향 연결
2025-08-20 13:06:54,180 - INFO - 겹침 발견 및 삭제 대상 추가: Line1(ID=207633, Name=LINE_107377_107378) vs Line2(ID=207635, Name=LINE_107378_107377) - 역방향 연결
2025-08-20 13:06:54,180 - INFO - 겹침 발견 및 삭제 대상 추가: Line1(ID=207637, Name=LINE_107379_107380) vs Line2(ID=207639, Name=LINE_107380_107379) - 역방향 연결
2025-08-20 13:06:54,181 - INFO - 겹침 발견 및 삭제 대상 추가: Line1(ID=207641, Name=LINE_107381_107382) vs Line2(ID=207643, Name=LINE_107382_107381) - 역방향 연결
2025-08-20 13:06:54,181 - INFO - 겹침 발견 및 삭제 대상 추가: Line1(ID=207645, Name=LINE_107383_107384) vs Line2(ID=207647, Name=LINE_107384_107383) - 역방향 연결
2025-08-20 13:06:54,181 - INFO - 겹침 발견 및 삭제 대상 추가: Line1(ID=207649, Name=LINE_107385_107386) vs Line2(ID=207651, Name=LINE_107386_107385) - 역방향 연결
2025-08-20 13:06:54,182 - INFO - 겹침 발견 및 삭제 대상 추가: Line1(ID=207653, Name=LINE_107387_107388) vs Line2(ID=207655, Name=LINE_107388_107387) - 역방향 연결
2025-08-20 13:06:54,182 - INFO - 겹침 발견 및 삭제 대상 추가: Line1(ID=207657, Name=LINE_107389_107390) vs Line2(ID=207659, Name=LINE_107390_107389) - 역방향 연결
2025-08-20 13:06:54,210 - INFO - 겹침 발견 및 삭제 대상 추가: Line1(ID=207989, Name=LINE_100001_100003) vs Line2(ID=207991, Name=LINE_100003_100001) - 역방향 연결
2025-08-20 13:06:54,210 - INFO - 겹침 발견 및 삭제 대상 추가: Line1(ID=207990, Name=LINE_100002_100005) vs Line2(ID=207993, Name=LINE_100005_100002) - 역방향 연결
2025-08-20 13:06:54,210 - INFO - 겹침 발견 및 삭제 대상 추가: Line1(ID=207992, Name=LINE_100004_100007) vs Line2(ID=207995, Name=LINE_100007_100004) - 역방향 연결
2025-08-20 13:06:54,211 - INFO - 겹침 발견 및 삭제 대상 추가: Line1(ID=208017, Name=LINE_100049_100238) vs Line2(ID=208019, Name=LINE_100238_100049) - 역방향 연결
2025-08-20 13:06:54,211 - INFO - 겹침 발견 및 삭제 대상 추가: Line1(ID=208018, Name=LINE_100237_100425) vs Line2(ID=208020, Name=LINE_100425_100237) - 역방향 연결
2025-08-20 13:06:54,211 - INFO - 겹침 발견 및 삭제 대상 추가: Line1(ID=208022, Name=LINE_100614_100803) vs Line2(ID=208024, Name=LINE_100803_100614) - 역방향 연결
2025-08-20 13:06:54,211 - INFO - 겹침 발견 및 삭제 대상 추가: Line1(ID=208023, Name=LINE_100615_101845) vs Line2(ID=208055, Name=LINE_101845_100615) - 역방향 연결
2025-08-20 13:06:54,211 - INFO - 겹침 발견 및 삭제 대상 추가: Line1(ID=208025, Name=LINE_100804_101879) vs Line2(ID=208056, Name=LINE_101879_100804) - 역방향 연결
2025-08-20 13:06:54,211 - INFO - 겹침 발견 및 삭제 대상 추가: Line1(ID=208026, Name=LINE_100991_101181) vs Line2(ID=208028, Name=LINE_101181_100991) - 역방향 연결
2025-08-20 13:06:54,211 - INFO - 겹침 발견 및 삭제 대상 추가: Line1(ID=208029, Name=LINE_101182_101371) vs Line2(ID=208031, Name=LINE_101371_101182) - 역방향 연결
2025-08-20 13:06:54,211 - INFO - 겹침 발견 및 삭제 대상 추가: Line1(ID=208030, Name=LINE_101370_101560) vs Line2(ID=208032, Name=LINE_101560_101370) - 역방향 연결
2025-08-20 13:06:54,214 - INFO - 겹침 발견 및 삭제 대상 추가: Line1(ID=208099, Name=LINE_102930_103111) vs Line2(ID=208101, Name=LINE_103111_102930) - 역방향 연결
2025-08-20 13:06:54,214 - INFO - 겹침 발견 및 삭제 대상 추가: Line1(ID=208100, Name=LINE_103110_103293) vs Line2(ID=208102, Name=LINE_103293_103110) - 역방향 연결
2025-08-20 13:06:54,214 - INFO - 겹침 발견 및 삭제 대상 추가: Line1(ID=208103, Name=LINE_103679_103861) vs Line2(ID=208105, Name=LINE_103861_103679) - 역방향 연결
2025-08-20 13:06:54,214 - INFO - 겹침 발견 및 삭제 대상 추가: Line1(ID=208104, Name=LINE_103860_104042) vs Line2(ID=208106, Name=LINE_104042_103860) - 역방향 연결
2025-08-20 13:06:54,214 - INFO - 겹침 발견 및 삭제 대상 추가: Line1(ID=208107, Name=LINE_104428_104609) vs Line2(ID=208109, Name=LINE_104609_104428) - 역방향 연결
2025-08-20 13:06:54,214 - INFO - 겹침 발견 및 삭제 대상 추가: Line1(ID=208108, Name=LINE_104608_104790) vs Line2(ID=208110, Name=LINE_104790_104608) - 역방향 연결
2025-08-20 13:06:54,217 - INFO - === 삭제 대상 Lines 정보 ===
2025-08-20 13:06:54,217 - INFO - 삭제 대상: ID=206799, Name=LINE_106960_106959, From=106960, To=106959
2025-08-20 13:06:54,217 - INFO - 삭제 대상: ID=206802, Name=LINE_106961_106960, From=106961, To=106960
2025-08-20 13:06:54,217 - INFO - 삭제 대상: ID=206807, Name=LINE_106964_106963, From=106964, To=106963
2025-08-20 13:06:54,217 - INFO - 삭제 대상: ID=206809, Name=LINE_106965_106964, From=106965, To=106964
2025-08-20 13:06:54,217 - INFO - 삭제 대상: ID=206811, Name=LINE_106966_106965, From=106966, To=106965
2025-08-20 13:06:54,217 - INFO - 삭제 대상: ID=206815, Name=LINE_106968_106967, From=106968, To=106967
2025-08-20 13:06:54,217 - INFO - 삭제 대상: ID=206818, Name=LINE_106969_106968, From=106969, To=106968
2025-08-20 13:06:54,217 - INFO - 삭제 대상: ID=206823, Name=LINE_106972_106971, From=106972, To=106971
2025-08-20 13:06:54,217 - INFO - 삭제 대상: ID=206825, Name=LINE_106973_106972, From=106973, To=106972
2025-08-20 13:06:54,217 - INFO - 삭제 대상: ID=206827, Name=LINE_106974_106973, From=106974, To=106973
2025-08-20 13:06:54,217 - INFO - 삭제 대상: ID=206831, Name=LINE_106976_106975, From=106976, To=106975
2025-08-20 13:06:54,217 - INFO - 삭제 대상: ID=206834, Name=LINE_106977_106976, From=106977, To=106976
2025-08-20 13:06:54,217 - INFO - 삭제 대상: ID=206839, Name=LINE_106980_106979, From=106980, To=106979
2025-08-20 13:06:54,217 - INFO - 삭제 대상: ID=206841, Name=LINE_106981_106980, From=106981, To=106980
2025-08-20 13:06:54,217 - INFO - 삭제 대상: ID=206843, Name=LINE_106982_106981, From=106982, To=106981
2025-08-20 13:06:54,217 - INFO - 삭제 대상: ID=206847, Name=LINE_106984_106983, From=106984, To=106983
2025-08-20 13:06:54,217 - INFO - 삭제 대상: ID=206850, Name=LINE_106985_106984, From=106985, To=106984
2025-08-20 13:06:54,217 - INFO - 삭제 대상: ID=206855, Name=LINE_106988_106987, From=106988, To=106987
2025-08-20 13:06:54,217 - INFO - 삭제 대상: ID=206857, Name=LINE_106989_106988, From=106989, To=106988
2025-08-20 13:06:54,217 - INFO - 삭제 대상: ID=206859, Name=LINE_106990_106989, From=106990, To=106989
2025-08-20 13:06:54,217 - INFO - 삭제 대상: ID=206863, Name=LINE_106992_106991, From=106992, To=106991
2025-08-20 13:06:54,217 - INFO - 삭제 대상: ID=206866, Name=LINE_106993_106992, From=106993, To=106992
2025-08-20 13:06:54,217 - INFO - 삭제 대상: ID=206873, Name=LINE_106997_106996, From=106997, To=106996
2025-08-20 13:06:54,217 - INFO - 삭제 대상: ID=206875, Name=LINE_106998_106997, From=106998, To=106997
2025-08-20 13:06:54,217 - INFO - 삭제 대상: ID=206879, Name=LINE_107000_106999, From=107000, To=106999
2025-08-20 13:06:54,217 - INFO - 삭제 대상: ID=206882, Name=LINE_107001_107000, From=107001, To=107000
2025-08-20 13:06:54,217 - INFO - 삭제 대상: ID=206887, Name=LINE_107004_107003, From=107004, To=107003
2025-08-20 13:06:54,217 - INFO - 삭제 대상: ID=206889, Name=LINE_107005_107004, From=107005, To=107004
2025-08-20 13:06:54,217 - INFO - 삭제 대상: ID=206891, Name=LINE_107006_107005, From=107006, To=107005
2025-08-20 13:06:54,217 - INFO - 삭제 대상: ID=206895, Name=LINE_107008_107007, From=107008, To=107007
2025-08-20 13:06:54,217 - INFO - 삭제 대상: ID=206898, Name=LINE_107009_107008, From=107009, To=107008
2025-08-20 13:06:54,217 - INFO - 삭제 대상: ID=206903, Name=LINE_107012_107011, From=107012, To=107011
2025-08-20 13:06:54,217 - INFO - 삭제 대상: ID=206905, Name=LINE_107013_107012, From=107013, To=107012
2025-08-20 13:06:54,217 - INFO - 삭제 대상: ID=206907, Name=LINE_107014_107013, From=107014, To=107013
2025-08-20 13:06:54,217 - INFO - 삭제 대상: ID=206911, Name=LINE_107016_107015, From=107016, To=107015
2025-08-20 13:06:54,217 - INFO - 삭제 대상: ID=206914, Name=LINE_107017_107016, From=107017, To=107016
2025-08-20 13:06:54,217 - INFO - 삭제 대상: ID=206921, Name=LINE_107021_107020, From=107021, To=107020
2025-08-20 13:06:54,217 - INFO - 삭제 대상: ID=206923, Name=LINE_107022_107021, From=107022, To=107021
2025-08-20 13:06:54,217 - INFO - 삭제 대상: ID=206927, Name=LINE_107024_107023, From=107024, To=107023
2025-08-20 13:06:54,217 - INFO - 삭제 대상: ID=206930, Name=LINE_107025_107024, From=107025, To=107024
2025-08-20 13:06:54,217 - INFO - 삭제 대상: ID=206935, Name=LINE_107028_107027, From=107028, To=107027
2025-08-20 13:06:54,217 - INFO - 삭제 대상: ID=206937, Name=LINE_107029_107028, From=107029, To=107028
2025-08-20 13:06:54,217 - INFO - 삭제 대상: ID=206939, Name=LINE_107030_107029, From=107030, To=107029
2025-08-20 13:06:54,217 - INFO - 삭제 대상: ID=206943, Name=LINE_107032_107031, From=107032, To=107031
2025-08-20 13:06:54,217 - INFO - 삭제 대상: ID=206946, Name=LINE_107033_107032, From=107033, To=107032
2025-08-20 13:06:54,217 - INFO - 삭제 대상: ID=206951, Name=LINE_107036_107035, From=107036, To=107035
2025-08-20 13:06:54,217 - INFO - 삭제 대상: ID=206953, Name=LINE_107037_107036, From=107037, To=107036
2025-08-20 13:06:54,217 - INFO - 삭제 대상: ID=206955, Name=LINE_107038_107037, From=107038, To=107037
2025-08-20 13:06:54,217 - INFO - 삭제 대상: ID=206959, Name=LINE_107040_107039, From=107040, To=107039
2025-08-20 13:06:54,217 - INFO - 삭제 대상: ID=206962, Name=LINE_107041_107040, From=107041, To=107040
2025-08-20 13:06:54,217 - INFO - 삭제 대상: ID=206967, Name=LINE_107044_107043, From=107044, To=107043
2025-08-20 13:06:54,217 - INFO - 삭제 대상: ID=206969, Name=LINE_107045_107044, From=107045, To=107044
2025-08-20 13:06:54,217 - INFO - 삭제 대상: ID=206971, Name=LINE_107046_107045, From=107046, To=107045
2025-08-20 13:06:54,218 - INFO - 삭제 대상: ID=206975, Name=LINE_107048_107047, From=107048, To=107047
2025-08-20 13:06:54,218 - INFO - 삭제 대상: ID=206978, Name=LINE_107049_107048, From=107049, To=107048
2025-08-20 13:06:54,218 - INFO - 삭제 대상: ID=206983, Name=LINE_107052_107051, From=107052, To=107051
2025-08-20 13:06:54,218 - INFO - 삭제 대상: ID=206985, Name=LINE_107053_107052, From=107053, To=107052
2025-08-20 13:06:54,218 - INFO - 삭제 대상: ID=206987, Name=LINE_107054_107053, From=107054, To=107053
2025-08-20 13:06:54,218 - INFO - 삭제 대상: ID=206991, Name=LINE_107056_107055, From=107056, To=107055
2025-08-20 13:06:54,218 - INFO - 삭제 대상: ID=206994, Name=LINE_107057_107056, From=107057, To=107056
2025-08-20 13:06:54,218 - INFO - 삭제 대상: ID=206999, Name=LINE_107060_107059, From=107060, To=107059
2025-08-20 13:06:54,218 - INFO - 삭제 대상: ID=207001, Name=LINE_107061_107060, From=107061, To=107060
2025-08-20 13:06:54,218 - INFO - 삭제 대상: ID=207003, Name=LINE_107062_107061, From=107062, To=107061
2025-08-20 13:06:54,218 - INFO - 삭제 대상: ID=207007, Name=LINE_107064_107063, From=107064, To=107063
2025-08-20 13:06:54,218 - INFO - 삭제 대상: ID=207010, Name=LINE_107065_107064, From=107065, To=107064
2025-08-20 13:06:54,218 - INFO - 삭제 대상: ID=207015, Name=LINE_107068_107067, From=107068, To=107067
2025-08-20 13:06:54,218 - INFO - 삭제 대상: ID=207017, Name=LINE_107069_107068, From=107069, To=107068
2025-08-20 13:06:54,218 - INFO - 삭제 대상: ID=207019, Name=LINE_107070_107069, From=107070, To=107069
2025-08-20 13:06:54,218 - INFO - 삭제 대상: ID=207023, Name=LINE_107072_107071, From=107072, To=107071
2025-08-20 13:06:54,218 - INFO - 삭제 대상: ID=207026, Name=LINE_107073_107072, From=107073, To=107072
2025-08-20 13:06:54,218 - INFO - 삭제 대상: ID=207032, Name=LINE_107076_107075, From=107076, To=107075
2025-08-20 13:06:54,218 - INFO - 삭제 대상: ID=207035, Name=LINE_107078_107077, From=107078, To=107077
2025-08-20 13:06:54,218 - INFO - 삭제 대상: ID=207039, Name=LINE_107080_107079, From=107080, To=107079
2025-08-20 13:06:54,218 - INFO - 삭제 대상: ID=207042, Name=LINE_107081_107080, From=107081, To=107080
2025-08-20 13:06:54,218 - INFO - 삭제 대상: ID=207047, Name=LINE_107084_107083, From=107084, To=107083
2025-08-20 13:06:54,218 - INFO - 삭제 대상: ID=207049, Name=LINE_107085_107084, From=107085, To=107084
2025-08-20 13:06:54,218 - INFO - 삭제 대상: ID=207051, Name=LINE_107086_107085, From=107086, To=107085
2025-08-20 13:06:54,218 - INFO - 삭제 대상: ID=207055, Name=LINE_107088_107087, From=107088, To=107087
2025-08-20 13:06:54,218 - INFO - 삭제 대상: ID=207058, Name=LINE_107089_107088, From=107089, To=107088
2025-08-20 13:06:54,218 - INFO - 삭제 대상: ID=207063, Name=LINE_107092_107091, From=107092, To=107091
2025-08-20 13:06:54,218 - INFO - 삭제 대상: ID=207065, Name=LINE_107093_107092, From=107093, To=107092
2025-08-20 13:06:54,218 - INFO - 삭제 대상: ID=207067, Name=LINE_107094_107093, From=107094, To=107093
2025-08-20 13:06:54,218 - INFO - 삭제 대상: ID=207071, Name=LINE_107096_107095, From=107096, To=107095
2025-08-20 13:06:54,218 - INFO - 삭제 대상: ID=207074, Name=LINE_107097_107096, From=107097, To=107096
2025-08-20 13:06:54,218 - INFO - 삭제 대상: ID=207079, Name=LINE_107100_107099, From=107100, To=107099
2025-08-20 13:06:54,218 - INFO - 삭제 대상: ID=207081, Name=LINE_107101_107100, From=107101, To=107100
2025-08-20 13:06:54,218 - INFO - 삭제 대상: ID=207083, Name=LINE_107102_107101, From=107102, To=107101
2025-08-20 13:06:54,218 - INFO - 삭제 대상: ID=207087, Name=LINE_107104_107103, From=107104, To=107103
2025-08-20 13:06:54,218 - INFO - 삭제 대상: ID=207090, Name=LINE_107105_107104, From=107105, To=107104
2025-08-20 13:06:54,218 - INFO - 삭제 대상: ID=207095, Name=LINE_107108_107107, From=107108, To=107107
2025-08-20 13:06:54,218 - INFO - 삭제 대상: ID=207097, Name=LINE_107109_107108, From=107109, To=107108
2025-08-20 13:06:54,218 - INFO - 삭제 대상: ID=207099, Name=LINE_107110_107109, From=107110, To=107109
2025-08-20 13:06:54,218 - INFO - 삭제 대상: ID=207103, Name=LINE_107112_107111, From=107112, To=107111
2025-08-20 13:06:54,218 - INFO - 삭제 대상: ID=207106, Name=LINE_107113_107112, From=107113, To=107112
2025-08-20 13:06:54,218 - INFO - 삭제 대상: ID=207111, Name=LINE_107116_107115, From=107116, To=107115
2025-08-20 13:06:54,218 - INFO - 삭제 대상: ID=207113, Name=LINE_107117_107116, From=107117, To=107116
2025-08-20 13:06:54,218 - INFO - 삭제 대상: ID=207115, Name=LINE_107118_107117, From=107118, To=107117
2025-08-20 13:06:54,218 - INFO - 삭제 대상: ID=207269, Name=LINE_107195_107191, From=107195, To=107191
2025-08-20 13:06:54,218 - INFO - 삭제 대상: ID=207271, Name=LINE_107196_107192, From=107196, To=107192
2025-08-20 13:06:54,218 - INFO - 삭제 대상: ID=207273, Name=LINE_107197_107193, From=107197, To=107193
2025-08-20 13:06:54,218 - INFO - 삭제 대상: ID=207275, Name=LINE_107198_107194, From=107198, To=107194
2025-08-20 13:06:54,218 - INFO - 삭제 대상: ID=207285, Name=LINE_107203_107199, From=107203, To=107199
2025-08-20 13:06:54,218 - INFO - 삭제 대상: ID=207287, Name=LINE_107204_107200, From=107204, To=107200
2025-08-20 13:06:54,218 - INFO - 삭제 대상: ID=207289, Name=LINE_107205_107201, From=107205, To=107201
2025-08-20 13:06:54,218 - INFO - 삭제 대상: ID=207291, Name=LINE_107206_107202, From=107206, To=107202
2025-08-20 13:06:54,218 - INFO - 삭제 대상: ID=207301, Name=LINE_107211_107207, From=107211, To=107207
2025-08-20 13:06:54,218 - INFO - 삭제 대상: ID=207303, Name=LINE_107212_107208, From=107212, To=107208
2025-08-20 13:06:54,218 - INFO - 삭제 대상: ID=207305, Name=LINE_107213_107209, From=107213, To=107209
2025-08-20 13:06:54,218 - INFO - 삭제 대상: ID=207307, Name=LINE_107214_107210, From=107214, To=107210
2025-08-20 13:06:54,218 - INFO - 삭제 대상: ID=207317, Name=LINE_107219_107215, From=107219, To=107215
2025-08-20 13:06:54,218 - INFO - 삭제 대상: ID=207319, Name=LINE_107220_107216, From=107220, To=107216
2025-08-20 13:06:54,218 - INFO - 삭제 대상: ID=207321, Name=LINE_107221_107217, From=107221, To=107217
2025-08-20 13:06:54,218 - INFO - 삭제 대상: ID=207323, Name=LINE_107222_107218, From=107222, To=107218
2025-08-20 13:06:54,218 - INFO - 삭제 대상: ID=207333, Name=LINE_107227_107223, From=107227, To=107223
2025-08-20 13:06:54,218 - INFO - 삭제 대상: ID=207335, Name=LINE_107228_107224, From=107228, To=107224
2025-08-20 13:06:54,218 - INFO - 삭제 대상: ID=207337, Name=LINE_107229_107225, From=107229, To=107225
2025-08-20 13:06:54,218 - INFO - 삭제 대상: ID=207339, Name=LINE_107230_107226, From=107230, To=107226
2025-08-20 13:06:54,218 - INFO - 삭제 대상: ID=207349, Name=LINE_107235_107231, From=107235, To=107231
2025-08-20 13:06:54,218 - INFO - 삭제 대상: ID=207351, Name=LINE_107236_107232, From=107236, To=107232
2025-08-20 13:06:54,218 - INFO - 삭제 대상: ID=207353, Name=LINE_107237_107233, From=107237, To=107233
2025-08-20 13:06:54,218 - INFO - 삭제 대상: ID=207355, Name=LINE_107238_107234, From=107238, To=107234
2025-08-20 13:06:54,218 - INFO - 삭제 대상: ID=207365, Name=LINE_107243_107239, From=107243, To=107239
2025-08-20 13:06:54,218 - INFO - 삭제 대상: ID=207367, Name=LINE_107244_107240, From=107244, To=107240
2025-08-20 13:06:54,219 - INFO - 삭제 대상: ID=207369, Name=LINE_107245_107241, From=107245, To=107241
2025-08-20 13:06:54,219 - INFO - 삭제 대상: ID=207371, Name=LINE_107246_107242, From=107246, To=107242
2025-08-20 13:06:54,219 - INFO - 삭제 대상: ID=207381, Name=LINE_107251_107247, From=107251, To=107247
2025-08-20 13:06:54,219 - INFO - 삭제 대상: ID=207383, Name=LINE_107252_107248, From=107252, To=107248
2025-08-20 13:06:54,219 - INFO - 삭제 대상: ID=207385, Name=LINE_107253_107249, From=107253, To=107249
2025-08-20 13:06:54,219 - INFO - 삭제 대상: ID=207387, Name=LINE_107254_107250, From=107254, To=107250
2025-08-20 13:06:54,219 - INFO - 삭제 대상: ID=207397, Name=LINE_107259_107255, From=107259, To=107255
2025-08-20 13:06:54,219 - INFO - 삭제 대상: ID=207399, Name=LINE_107260_107256, From=107260, To=107256
2025-08-20 13:06:54,219 - INFO - 삭제 대상: ID=207401, Name=LINE_107261_107257, From=107261, To=107257
2025-08-20 13:06:54,219 - INFO - 삭제 대상: ID=207403, Name=LINE_107262_107258, From=107262, To=107258
2025-08-20 13:06:54,219 - INFO - 삭제 대상: ID=207413, Name=LINE_107267_107263, From=107267, To=107263
2025-08-20 13:06:54,219 - INFO - 삭제 대상: ID=207415, Name=LINE_107268_107264, From=107268, To=107264
2025-08-20 13:06:54,219 - INFO - 삭제 대상: ID=207417, Name=LINE_107269_107265, From=107269, To=107265
2025-08-20 13:06:54,219 - INFO - 삭제 대상: ID=207419, Name=LINE_107270_107266, From=107270, To=107266
2025-08-20 13:06:54,219 - INFO - 삭제 대상: ID=207429, Name=LINE_107275_107271, From=107275, To=107271
2025-08-20 13:06:54,219 - INFO - 삭제 대상: ID=207431, Name=LINE_107276_107272, From=107276, To=107272
2025-08-20 13:06:54,219 - INFO - 삭제 대상: ID=207433, Name=LINE_107277_107273, From=107277, To=107273
2025-08-20 13:06:54,219 - INFO - 삭제 대상: ID=207435, Name=LINE_107278_107274, From=107278, To=107274
2025-08-20 13:06:54,219 - INFO - 삭제 대상: ID=207445, Name=LINE_107283_107279, From=107283, To=107279
2025-08-20 13:06:54,219 - INFO - 삭제 대상: ID=207447, Name=LINE_107284_107280, From=107284, To=107280
2025-08-20 13:06:54,219 - INFO - 삭제 대상: ID=207449, Name=LINE_107285_107281, From=107285, To=107281
2025-08-20 13:06:54,219 - INFO - 삭제 대상: ID=207451, Name=LINE_107286_107282, From=107286, To=107282
2025-08-20 13:06:54,219 - INFO - 삭제 대상: ID=207461, Name=LINE_107291_107287, From=107291, To=107287
2025-08-20 13:06:54,219 - INFO - 삭제 대상: ID=207463, Name=LINE_107292_107288, From=107292, To=107288
2025-08-20 13:06:54,219 - INFO - 삭제 대상: ID=207465, Name=LINE_107293_107289, From=107293, To=107289
2025-08-20 13:06:54,219 - INFO - 삭제 대상: ID=207467, Name=LINE_107294_107290, From=107294, To=107290
2025-08-20 13:06:54,219 - INFO - 삭제 대상: ID=207477, Name=LINE_107299_107295, From=107299, To=107295
2025-08-20 13:06:54,219 - INFO - 삭제 대상: ID=207479, Name=LINE_107300_107296, From=107300, To=107296
2025-08-20 13:06:54,219 - INFO - 삭제 대상: ID=207481, Name=LINE_107301_107297, From=107301, To=107297
2025-08-20 13:06:54,219 - INFO - 삭제 대상: ID=207483, Name=LINE_107302_107298, From=107302, To=107298
2025-08-20 13:06:54,219 - INFO - 삭제 대상: ID=207493, Name=LINE_107307_107303, From=107307, To=107303
2025-08-20 13:06:54,219 - INFO - 삭제 대상: ID=207495, Name=LINE_107308_107304, From=107308, To=107304
2025-08-20 13:06:54,219 - INFO - 삭제 대상: ID=207497, Name=LINE_107309_107305, From=107309, To=107305
2025-08-20 13:06:54,219 - INFO - 삭제 대상: ID=207499, Name=LINE_107310_107306, From=107310, To=107306
2025-08-20 13:06:54,219 - INFO - 삭제 대상: ID=207509, Name=LINE_107315_107311, From=107315, To=107311
2025-08-20 13:06:54,219 - INFO - 삭제 대상: ID=207511, Name=LINE_107316_107312, From=107316, To=107312
2025-08-20 13:06:54,219 - INFO - 삭제 대상: ID=207513, Name=LINE_107317_107313, From=107317, To=107313
2025-08-20 13:06:54,219 - INFO - 삭제 대상: ID=207515, Name=LINE_107318_107314, From=107318, To=107314
2025-08-20 13:06:54,219 - INFO - 삭제 대상: ID=207525, Name=LINE_107323_107319, From=107323, To=107319
2025-08-20 13:06:54,219 - INFO - 삭제 대상: ID=207527, Name=LINE_107324_107320, From=107324, To=107320
2025-08-20 13:06:54,219 - INFO - 삭제 대상: ID=207529, Name=LINE_107325_107321, From=107325, To=107321
2025-08-20 13:06:54,219 - INFO - 삭제 대상: ID=207531, Name=LINE_107326_107322, From=107326, To=107322
2025-08-20 13:06:54,219 - INFO - 삭제 대상: ID=207541, Name=LINE_107331_107327, From=107331, To=107327
2025-08-20 13:06:54,219 - INFO - 삭제 대상: ID=207543, Name=LINE_107332_107328, From=107332, To=107328
2025-08-20 13:06:54,219 - INFO - 삭제 대상: ID=207545, Name=LINE_107333_107329, From=107333, To=107329
2025-08-20 13:06:54,219 - INFO - 삭제 대상: ID=207547, Name=LINE_107334_107330, From=107334, To=107330
2025-08-20 13:06:54,219 - INFO - 삭제 대상: ID=207557, Name=LINE_107339_107335, From=107339, To=107335
2025-08-20 13:06:54,219 - INFO - 삭제 대상: ID=207559, Name=LINE_107340_107336, From=107340, To=107336
2025-08-20 13:06:54,219 - INFO - 삭제 대상: ID=207561, Name=LINE_107341_107337, From=107341, To=107337
2025-08-20 13:06:54,219 - INFO - 삭제 대상: ID=207563, Name=LINE_107342_107338, From=107342, To=107338
2025-08-20 13:06:54,219 - INFO - 삭제 대상: ID=207573, Name=LINE_107347_107343, From=107347, To=107343
2025-08-20 13:06:54,219 - INFO - 삭제 대상: ID=207575, Name=LINE_107348_107344, From=107348, To=107344
2025-08-20 13:06:54,219 - INFO - 삭제 대상: ID=207577, Name=LINE_107349_107345, From=107349, To=107345
2025-08-20 13:06:54,219 - INFO - 삭제 대상: ID=207579, Name=LINE_107350_107346, From=107350, To=107346
2025-08-20 13:06:54,219 - INFO - 삭제 대상: ID=207589, Name=LINE_107355_107351, From=107355, To=107351
2025-08-20 13:06:54,219 - INFO - 삭제 대상: ID=207591, Name=LINE_107356_107352, From=107356, To=107352
2025-08-20 13:06:54,219 - INFO - 삭제 대상: ID=207593, Name=LINE_107357_107353, From=107357, To=107353
2025-08-20 13:06:54,219 - INFO - 삭제 대상: ID=207595, Name=LINE_107358_107354, From=107358, To=107354
2025-08-20 13:06:54,219 - INFO - 삭제 대상: ID=207605, Name=LINE_107363_107359, From=107363, To=107359
2025-08-20 13:06:54,219 - INFO - 삭제 대상: ID=207607, Name=LINE_107364_107360, From=107364, To=107360
2025-08-20 13:06:54,219 - INFO - 삭제 대상: ID=207609, Name=LINE_107365_107361, From=107365, To=107361
2025-08-20 13:06:54,219 - INFO - 삭제 대상: ID=207611, Name=LINE_107366_107362, From=107366, To=107362
2025-08-20 13:06:54,219 - INFO - 삭제 대상: ID=207615, Name=LINE_107368_107367, From=107368, To=107367
2025-08-20 13:06:54,219 - INFO - 삭제 대상: ID=207619, Name=LINE_107370_107369, From=107370, To=107369
2025-08-20 13:06:54,219 - INFO - 삭제 대상: ID=207624, Name=LINE_107372_107371, From=107372, To=107371
2025-08-20 13:06:54,219 - INFO - 삭제 대상: ID=207627, Name=LINE_107374_107373, From=107374, To=107373
2025-08-20 13:06:54,219 - INFO - 삭제 대상: ID=207631, Name=LINE_107376_107375, From=107376, To=107375
2025-08-20 13:06:54,219 - INFO - 삭제 대상: ID=207635, Name=LINE_107378_107377, From=107378, To=107377
2025-08-20 13:06:54,219 - INFO - 삭제 대상: ID=207639, Name=LINE_107380_107379, From=107380, To=107379
2025-08-20 13:06:54,219 - INFO - 삭제 대상: ID=207643, Name=LINE_107382_107381, From=107382, To=107381
2025-08-20 13:06:54,220 - INFO - 삭제 대상: ID=207647, Name=LINE_107384_107383, From=107384, To=107383
2025-08-20 13:06:54,220 - INFO - 삭제 대상: ID=207651, Name=LINE_107386_107385, From=107386, To=107385
2025-08-20 13:06:54,220 - INFO - 삭제 대상: ID=207655, Name=LINE_107388_107387, From=107388, To=107387
2025-08-20 13:06:54,220 - INFO - 삭제 대상: ID=207659, Name=LINE_107390_107389, From=107390, To=107389
2025-08-20 13:06:54,220 - INFO - 삭제 대상: ID=207991, Name=LINE_100003_100001, From=100003, To=100001
2025-08-20 13:06:54,220 - INFO - 삭제 대상: ID=207993, Name=LINE_100005_100002, From=100005, To=100002
2025-08-20 13:06:54,220 - INFO - 삭제 대상: ID=207995, Name=LINE_100007_100004, From=100007, To=100004
2025-08-20 13:06:54,220 - INFO - 삭제 대상: ID=208019, Name=LINE_100238_100049, From=100238, To=100049
2025-08-20 13:06:54,220 - INFO - 삭제 대상: ID=208020, Name=LINE_100425_100237, From=100425, To=100237
2025-08-20 13:06:54,220 - INFO - 삭제 대상: ID=208024, Name=LINE_100803_100614, From=100803, To=100614
2025-08-20 13:06:54,220 - INFO - 삭제 대상: ID=208028, Name=LINE_101181_100991, From=101181, To=100991
2025-08-20 13:06:54,220 - INFO - 삭제 대상: ID=208031, Name=LINE_101371_101182, From=101371, To=101182
2025-08-20 13:06:54,220 - INFO - 삭제 대상: ID=208032, Name=LINE_101560_101370, From=101560, To=101370
2025-08-20 13:06:54,220 - INFO - 삭제 대상: ID=208055, Name=LINE_101845_100615, From=101845, To=100615
2025-08-20 13:06:54,220 - INFO - 삭제 대상: ID=208056, Name=LINE_101879_100804, From=101879, To=100804
2025-08-20 13:06:54,220 - INFO - 삭제 대상: ID=208101, Name=LINE_103111_102930, From=103111, To=102930
2025-08-20 13:06:54,220 - INFO - 삭제 대상: ID=208102, Name=LINE_103293_103110, From=103293, To=103110
2025-08-20 13:06:54,220 - INFO - 삭제 대상: ID=208105, Name=LINE_103861_103679, From=103861, To=103679
2025-08-20 13:06:54,220 - INFO - 삭제 대상: ID=208106, Name=LINE_104042_103860, From=104042, To=103860
2025-08-20 13:06:54,220 - INFO - 삭제 대상: ID=208109, Name=LINE_104609_104428, From=104609, To=104428
2025-08-20 13:06:54,220 - INFO - 삭제 대상: ID=208110, Name=LINE_104790_104608, From=104790, To=104608
2025-08-20 13:06:54,220 - INFO - 겹치는 Lines 삭제 완료 - 원본: 8280개, 삭제: 214개, 남은: 8066개
2025-08-20 13:06:54,220 - INFO - 고연결 Addresses 검사 시작
2025-08-20 13:06:54,222 - INFO - 4개 이상 연결된 Addresses: 6개
2025-08-20 13:06:54,222 - INFO - === 고연결 Addresses 상세 정보 ===
2025-08-20 13:06:54,222 - INFO - 고연결 Address: ID=100006, Name=ADDR_100006, Position=(5000.0, 4200.0, 6022.0), 연결수=4
2025-08-20 13:06:54,222 - INFO - 고연결 Address: ID=100399, Name=ADDR_100399, Position=(13526.0, 7030.0, 6022.0), 연결수=4
2025-08-20 13:06:54,222 - INFO - 고연결 Address: ID=100840, Name=ADDR_100840, Position=(6524.0, 3550.0, 6022.0), 연결수=4
2025-08-20 13:06:54,222 - INFO - 고연결 Address: ID=102742, Name=ADDR_102742, Position=(4574.0, 6410.0, 4822.0), 연결수=4
2025-08-20 13:06:54,222 - INFO - 고연결 Address: ID=103298, Name=ADDR_103298, Position=(4524.0, 4590.0, 4822.0), 연결수=4
2025-08-20 13:06:54,222 - INFO - 고연결 Address: ID=104048, Name=ADDR_104048, Position=(4574.0, 2590.0, 4822.0), 연결수=4
2025-08-20 13:06:54,369 - INFO - 최종 데이터가 layout.json 파일에 저장됨 - Addresses: 7554개, Lines: 8066개
2025-08-20 13:06:54,369 - INFO - === 최종 검사 결과 요약 ===
2025-08-20 13:06:54,369 - INFO - Addresses 중복 검사: 오류 발견
2025-08-20 13:06:54,369 - INFO - Lines 중복 검사: 통과
2025-08-20 13:06:54,369 - INFO - Lines 겹침 검사: 오류 발견
2025-08-20 13:06:54,369 - INFO - 겹치는 Lines 삭제: 삭제됨
2025-08-20 13:06:54,370 - INFO - 고연결 Addresses 발견: 6개
2025-08-20 13:06:54,370 - INFO - Layout 저장: 성공
2025-08-20 13:06:54,370 - WARNING - 일부 검사에서 오류 발견
2025-08-20 13:06:54,370 - INFO - ==================================================
2025-08-20 13:06:54,370 - INFO - 데이터 무결성 검사 종료
2025-08-20 13:06:54,370 - INFO - ==================================================
